TESTCASE 1 - Check for schema 

DDL VALIDATION IS PASSED - Column Name and Data Type is Matching
------------------------------------------------------------------------------------------------------------------------
TESTCASE 2 - No duplicate record displaying for each cin-dc for any given invoice date  
 
Dups Validation IS PASSED - No Duplicates Found
Records for Top 5 CINs
+----------------------------------+----------------+---------+------+---------------------------+--------------------+
| process_date                     | invoice_date   |     cin |   dc |   lf_ship_to_location_num |   CF_CIN_Short_Qty |
+==================================+================+=========+======+===========================+====================+
| 2025-02-28 10:20:07.360426+00:00 | 2025-02-28     | 3214152 |   37 |                        37 |                376 |
+----------------------------------+----------------+---------+------+---------------------------+--------------------+
| 2025-02-28 10:20:07.360426+00:00 | 2025-02-28     | 3214152 |   19 |                        19 |                376 |
+----------------------------------+----------------+---------+------+---------------------------+--------------------+
| 2025-02-28 10:20:07.360426+00:00 | 2025-02-28     | 3214152 |    3 |                         3 |                376 |
+----------------------------------+----------------+---------+------+---------------------------+--------------------+
| 2025-02-28 10:20:07.360426+00:00 | 2025-02-28     | 3214152 |   29 |                        29 |                376 |
+----------------------------------+----------------+---------+------+---------------------------+--------------------+
| 2025-02-28 10:20:07.360426+00:00 | 2025-02-28     | 3214152 |   11 |                        11 |                376 |
+----------------------------------+----------------+---------+------+---------------------------+--------------------+
------------------------------------------------------------------------------------------------------------------------
TESTCASE 3 - To verify whether supplier has very limited or no inventory available to ship to Cardinal in last 30 days 

Validation IS PASSED
Records for Top 5 CINs
+----------------------------------+----------------+---------+------+---------------------------+----------------------+-----------------------------------+----------------------------+--------------------------+--------------------+
| process_date                     | invoice_date   |     cin |   dc |   lf_ship_to_location_num |   CF_Network_Rec_Qty |   CF_MIN_MAX_Network_Forecast_Qty |   CF_Network_Backorder_Qty |   CF_Network_HoldOUT_Qty |   CF_CIN_Short_Qty |
+==================================+================+=========+======+===========================+======================+===================================+============================+==========================+====================+
| 2025-02-28 10:20:07.360426+00:00 | 2025-02-28     | 3214152 |   37 |                        37 |                    0 |                                 0 |                        225 |                        0 |                376 |
+----------------------------------+----------------+---------+------+---------------------------+----------------------+-----------------------------------+----------------------------+--------------------------+--------------------+
| 2025-02-28 10:20:07.360426+00:00 | 2025-02-28     | 3214152 |   19 |                        19 |                    0 |                                 0 |                        225 |                        0 |                376 |
+----------------------------------+----------------+---------+------+---------------------------+----------------------+-----------------------------------+----------------------------+--------------------------+--------------------+
| 2025-02-28 10:20:07.360426+00:00 | 2025-02-28     | 3214152 |    3 |                         3 |                    0 |                                 0 |                        225 |                        0 |                376 |
+----------------------------------+----------------+---------+------+---------------------------+----------------------+-----------------------------------+----------------------------+--------------------------+--------------------+
| 2025-02-28 10:20:07.360426+00:00 | 2025-02-28     | 3214152 |   29 |                        29 |                    0 |                                 0 |                        225 |                        0 |                376 |
+----------------------------------+----------------+---------+------+---------------------------+----------------------+-----------------------------------+----------------------------+--------------------------+--------------------+
| 2025-02-28 10:20:07.360426+00:00 | 2025-02-28     | 3214152 |   11 |                        11 |                    0 |                                 0 |                        225 |                        0 |                376 |
+----------------------------------+----------------+---------+------+---------------------------+----------------------+-----------------------------------+----------------------------+--------------------------+--------------------+
*******************TESTCASE-04 : Check for schema *******************
Validation IS PASSED for Supplier Type - CENTRALIZED
Validation IS PASSED for Supplier Type - HUBSPOKE
Validation IS PASSED for Supplier Type - NON-CENTRALIZED
Records for Top 5 CINs
+----------------------------------+----------------+---------+------+---------------------------+---------------------------+--------------------+-------------------------------+-------------------------------------+--------------------+
| process_date                     | invoice_date   |     cin |   dc |   lf_ship_to_location_num |   Inv_Purchasing_Supplier | cf_supplier_type   | Inv_Buyer_Work_Field_Number   | Inv_Purchasing_Supplier_Sub_Group   |   CF_CIN_Short_Qty |
+==================================+================+=========+======+===========================+===========================+====================+===============================+=====================================+====================+
| 2025-02-28 10:20:07.360426+00:00 | 2025-02-28     | 3214152 |   37 |                        37 |                     90163 |                    |                               |                                     |                376 |
+----------------------------------+----------------+---------+------+---------------------------+---------------------------+--------------------+-------------------------------+-------------------------------------+--------------------+
| 2025-02-28 10:20:07.360426+00:00 | 2025-02-28     | 3214152 |   19 |                        19 |                     90163 |                    |                               |                                     |                376 |
+----------------------------------+----------------+---------+------+---------------------------+---------------------------+--------------------+-------------------------------+-------------------------------------+--------------------+
| 2025-02-28 10:20:07.360426+00:00 | 2025-02-28     | 3214152 |    3 |                         3 |                     90163 |                    |                               |                                     |                376 |
+----------------------------------+----------------+---------+------+---------------------------+---------------------------+--------------------+-------------------------------+-------------------------------------+--------------------+
| 2025-02-28 10:20:07.360426+00:00 | 2025-02-28     | 3214152 |   29 |                        29 |                     90163 |                    |                               |                                     |                376 |
+----------------------------------+----------------+---------+------+---------------------------+---------------------------+--------------------+-------------------------------+-------------------------------------+--------------------+
| 2025-02-28 10:20:07.360426+00:00 | 2025-02-28     | 3214152 |   11 |                        11 |                     90163 |                    |                               |                                     |                376 |
+----------------------------------+----------------+---------+------+---------------------------+---------------------------+--------------------+-------------------------------+-------------------------------------+--------------------+
------------------------------------------------------------------------------------------------------------------------
TESTCASE 5 - To verify the Availability alert to identify product backlog 

Validation IS PASSED
Records for Top 5 CINs
+----------------------------------+----------------+---------+------+---------------------------+--------------+--------------------+
| process_date                     | invoice_date   |     cin |   dc |   lf_ship_to_location_num |   lf_aa_code |   CF_CIN_Short_Qty |
+==================================+================+=========+======+===========================+==============+====================+
| 2025-02-28 10:20:07.360426+00:00 | 2025-02-28     | 3214152 |   37 |                        37 |          996 |                376 |
+----------------------------------+----------------+---------+------+---------------------------+--------------+--------------------+
| 2025-02-28 10:20:07.360426+00:00 | 2025-02-28     | 3214152 |   19 |                        19 |          996 |                376 |
+----------------------------------+----------------+---------+------+---------------------------+--------------+--------------------+
| 2025-02-28 10:20:07.360426+00:00 | 2025-02-28     | 3214152 |    3 |                         3 |          996 |                376 |
+----------------------------------+----------------+---------+------+---------------------------+--------------+--------------------+
| 2025-02-28 10:20:07.360426+00:00 | 2025-02-28     | 3214152 |   29 |                        29 |          996 |                376 |
+----------------------------------+----------------+---------+------+---------------------------+--------------+--------------------+
| 2025-02-28 10:20:07.360426+00:00 | 2025-02-28     | 3214152 |   11 |                        11 |          996 |                376 |
+----------------------------------+----------------+---------+------+---------------------------+--------------+--------------------+
*******************TESTCASE-08 : To verify calculation for Network Backorder Quantity, When searched for a particular process date, invoice date and CIN and backorder quantity is inspected, Then for centralised supplier, Network Backorder Quantity is calculated at CIN level ,And for non-centralised supplier, Network Backorder Quantity is calculated at CIN-shipping location level *******************
Validation IS PASSED for Supplier Type - CENTRALIZED
Validation IS PASSED for Supplier Type - HUBSPOKE
Validation IS PASSED for Supplier Type - NON-CENTRALIZED
Records for Top 5 CINs
+----------------------------------+----------------+---------+------+---------------------------+----------------------------+--------------------+
| process_date                     | invoice_date   |     cin |   dc |   lf_ship_to_location_num |   cf_network_backorder_qty |   CF_CIN_Short_Qty |
+==================================+================+=========+======+===========================+============================+====================+
| 2025-02-28 10:20:07.360426+00:00 | 2025-02-28     | 3214152 |   37 |                        37 |                        225 |                376 |
+----------------------------------+----------------+---------+------+---------------------------+----------------------------+--------------------+
| 2025-02-28 10:20:07.360426+00:00 | 2025-02-28     | 3214152 |   19 |                        19 |                        225 |                376 |
+----------------------------------+----------------+---------+------+---------------------------+----------------------------+--------------------+
| 2025-02-28 10:20:07.360426+00:00 | 2025-02-28     | 3214152 |    3 |                         3 |                        225 |                376 |
+----------------------------------+----------------+---------+------+---------------------------+----------------------------+--------------------+
| 2025-02-28 10:20:07.360426+00:00 | 2025-02-28     | 3214152 |   29 |                        29 |                        225 |                376 |
+----------------------------------+----------------+---------+------+---------------------------+----------------------------+--------------------+
| 2025-02-28 10:20:07.360426+00:00 | 2025-02-28     | 3214152 |   11 |                        11 |                        225 |                376 |
+----------------------------------+----------------+---------+------+---------------------------+----------------------------+--------------------+
------------------------------------------------------------------------------------------------------------------------
*******************TESTCASE-09 : To verify calculation for Network Holdout Quantity, When searched for a particular process date, invoice date and CIN and holdout quantity is inspected, Then for centralised supplier, Network Holdout Quantity is calculated at CIN level ,And for non-centralised supplier, Network Holdout Quantity is calculated at CIN-shipping location level *******************
Validation Failed for CF_Supplier_Type='CENTRALIZED' ,1 records, check error file and log for more details
+----------------------------------+----------------+---------+------+------------------+-----------------------+---------------------------+---------------------------+--------------------------+-------------------------------+---------------+
| Process_Date                     | Invoice_Date   |     cin |   dc |   Invoice_Number |   INVOICE_LINE_NUMBER |   Inv_Purchasing_Supplier |   LF_Ship_To_Location_Num |   CF_Network_Holdout_Qty |   CF_Network_Holdout_Qty_Calc |   value_match |
+==================================+================+=========+======+==================+=======================+===========================+===========================+==========================+===============================+===============+
| 2025-02-28 10:20:07.360426+00:00 | 2025-02-28     | 5557178 |    8 |       7411522321 |                   110 |                     90163 |                         8 |                        5 |                            30 |             0 |
+----------------------------------+----------------+---------+------+------------------+-----------------------+---------------------------+---------------------------+--------------------------+-------------------------------+---------------+
Validation Failed for CF_Supplier_Type='HUBSPOKE' ,32 records, check error file and log for more details
+----------------------------------+----------------+---------+------+------------------+-----------------------+---------------------------+---------------------------+--------------------------+-------------------------------+---------------+
| Process_Date                     | Invoice_Date   |     cin |   dc |   Invoice_Number |   INVOICE_LINE_NUMBER |   Inv_Purchasing_Supplier |   LF_Ship_To_Location_Num |   CF_Network_Holdout_Qty |   CF_Network_Holdout_Qty_Calc |   value_match |
+==================================+================+=========+======+==================+=======================+===========================+===========================+==========================+===============================+===============+
| 2025-02-28 10:20:07.360426+00:00 | 2025-02-28     | 5604533 |    9 |       7411479516 |                   172 |                     90990 |                         9 |                        0 |                             2 |             0 |
+----------------------------------+----------------+---------+------+------------------+-----------------------+---------------------------+---------------------------+--------------------------+-------------------------------+---------------+
| 2025-02-28 10:20:07.360426+00:00 | 2025-02-28     | 5604533 |   43 |       7411527764 |                   291 |                     90990 |                        43 |                        0 |                             2 |             0 |
+----------------------------------+----------------+---------+------+------------------+-----------------------+---------------------------+---------------------------+--------------------------+-------------------------------+---------------+
| 2025-02-28 10:20:07.360426+00:00 | 2025-02-28     | 5604533 |   16 |       7411505299 |                   181 |                     90990 |                        16 |                        0 |                             2 |             0 |
+----------------------------------+----------------+---------+------+------------------+-----------------------+---------------------------+---------------------------+--------------------------+-------------------------------+---------------+
| 2025-02-28 10:20:07.360426+00:00 | 2025-02-28     | 5604533 |   24 |       7411483491 |                   387 |                     90990 |                        24 |                        0 |                             2 |             0 |
+----------------------------------+----------------+---------+------+------------------+-----------------------+---------------------------+---------------------------+--------------------------+-------------------------------+---------------+
| 2025-02-28 10:20:07.360426+00:00 | 2025-02-28     | 5604533 |   26 |       7411497704 |                   466 |                     90990 |                        26 |                        0 |                             2 |             0 |
+----------------------------------+----------------+---------+------+------------------+-----------------------+---------------------------+---------------------------+--------------------------+-------------------------------+---------------+
Validation Failed for CF_Supplier_Type='NON-CENTRALIZED' ,10 records, check error file and log for more details
+----------------------------------+----------------+---------+------+------------------+-----------------------+---------------------------+---------------------------+--------------------------+-------------------------------+---------------+
| Process_Date                     | Invoice_Date   |     cin |   dc |   Invoice_Number |   INVOICE_LINE_NUMBER |   Inv_Purchasing_Supplier |   LF_Ship_To_Location_Num |   CF_Network_Holdout_Qty |   CF_Network_Holdout_Qty_Calc |   value_match |
+==================================+================+=========+======+==================+=======================+===========================+===========================+==========================+===============================+===============+
| 2025-02-28 10:20:07.360426+00:00 | 2025-02-28     | 3663556 |    9 |       7411420104 |                   310 |                       157 |                         9 |                        0 |                             1 |             0 |
+----------------------------------+----------------+---------+------+------------------+-----------------------+---------------------------+---------------------------+--------------------------+-------------------------------+---------------+
| 2025-02-28 10:20:07.360426+00:00 | 2025-02-28     | 5523097 |   10 |       7411447817 |                   320 |                      5146 |                        10 |                        0 |                            11 |             0 |
+----------------------------------+----------------+---------+------+------------------+-----------------------+---------------------------+---------------------------+--------------------------+-------------------------------+---------------+
| 2025-02-28 10:20:07.360426+00:00 | 2025-02-28     | 5523097 |   10 |       7411231900 |                    70 |                      5146 |                        10 |                        0 |                            11 |             0 |
+----------------------------------+----------------+---------+------+------------------+-----------------------+---------------------------+---------------------------+--------------------------+-------------------------------+---------------+
| 2025-02-28 10:20:07.360426+00:00 | 2025-02-28     | 5598891 |   11 |       7411442146 |                   133 |                      5146 |                        11 |                        0 |                             6 |             0 |
+----------------------------------+----------------+---------+------+------------------+-----------------------+---------------------------+---------------------------+--------------------------+-------------------------------+---------------+
| 2025-02-28 10:20:07.360426+00:00 | 2025-02-28     | 5942644 |    9 |       7411456147 |                   411 |                     58861 |                         9 |                        0 |                            56 |             0 |
+----------------------------------+----------------+---------+------+------------------+-----------------------+---------------------------+---------------------------+--------------------------+-------------------------------+---------------+
------------------------------------------------------------------------------------------------------------------------
TESTCASE 10 - All invoices in RCA 1 should not show short_code as '01' or short id as 'S' 

Validation IS PASSED
Records for Top 5 CINs
+----------------------------------+----------------+---------+------+---------------------------+--------------------+
| process_date                     | invoice_date   |     cin |   dc |   lf_ship_to_location_num |   CF_CIN_Short_Qty |
+==================================+================+=========+======+===========================+====================+
| 2025-02-28 10:20:07.360426+00:00 | 2025-02-28     | 3214152 |   37 |                        37 |                376 |
+----------------------------------+----------------+---------+------+---------------------------+--------------------+
| 2025-02-28 10:20:07.360426+00:00 | 2025-02-28     | 3214152 |   19 |                        19 |                376 |
+----------------------------------+----------------+---------+------+---------------------------+--------------------+
| 2025-02-28 10:20:07.360426+00:00 | 2025-02-28     | 3214152 |    3 |                         3 |                376 |
+----------------------------------+----------------+---------+------+---------------------------+--------------------+
| 2025-02-28 10:20:07.360426+00:00 | 2025-02-28     | 3214152 |   29 |                        29 |                376 |
+----------------------------------+----------------+---------+------+---------------------------+--------------------+
| 2025-02-28 10:20:07.360426+00:00 | 2025-02-28     | 3214152 |   11 |                        11 |                376 |
+----------------------------------+----------------+---------+------+---------------------------+--------------------+

TESTCASE 11 - All invoices in the table should have short code as not null When searched for a shorted invoice Then the value of LF_Short_Code should match with the source And LF_Short_Code should not be null 

Validationg : LF_Short_code should not be null for the shorted invoices
Validation Failed for ,2 records, check error file and log for more details
+----------------------------------+----------------+------------------+-----------------------+---------+------+-----------------+------------+
| Process_Date                     | Invoice_Date   |   Invoice_Number |   INVOICE_LINE_NUMBER |     CIN |   DC |   LF_Short_Code | SHRT_CDE   |
+==================================+================+==================+=======================+=========+======+=================+============+
| 2025-02-28 10:20:07.360426+00:00 | 2025-02-28     |       7411413622 |                    10 | 5919279 |   10 |              05 |            |
+----------------------------------+----------------+------------------+-----------------------+---------+------+-----------------+------------+
| 2025-02-28 10:20:07.360426+00:00 | 2025-02-28     |       7411412303 |                   684 | 2858835 |   64 |              05 |            |
+----------------------------------+----------------+------------------+-----------------------+---------+------+-----------------+------------+
Validationg : LF_Short_code should matches with source
Validation IS PASSED
Records for Top 5 CINs
+----------------------------------+----------------+---------+------+---------------------------+-----------------+--------------------+
| process_date                     | invoice_date   |     cin |   dc |   lf_ship_to_location_num |   lf_short_code |   CF_CIN_Short_Qty |
+==================================+================+=========+======+===========================+=================+====================+
| 2025-02-28 10:20:07.360426+00:00 | 2025-02-28     | 3214152 |   37 |                        37 |              05 |                376 |
+----------------------------------+----------------+---------+------+---------------------------+-----------------+--------------------+
| 2025-02-28 10:20:07.360426+00:00 | 2025-02-28     | 3214152 |   19 |                        19 |              05 |                376 |
+----------------------------------+----------------+---------+------+---------------------------+-----------------+--------------------+
| 2025-02-28 10:20:07.360426+00:00 | 2025-02-28     | 3214152 |    3 |                         3 |              05 |                376 |
+----------------------------------+----------------+---------+------+---------------------------+-----------------+--------------------+
| 2025-02-28 10:20:07.360426+00:00 | 2025-02-28     | 3214152 |   29 |                        29 |              05 |                376 |
+----------------------------------+----------------+---------+------+---------------------------+-----------------+--------------------+
| 2025-02-28 10:20:07.360426+00:00 | 2025-02-28     | 3214152 |   11 |                        11 |              05 |                376 |
+----------------------------------+----------------+---------+------+---------------------------+-----------------+--------------------+
------------------------------------------------------------------------------------------------------------------------
TESTCASE 12 - Verifying count of invoice in RCA1 

Validation IS PASSED
Records for Top 5 CINs
+----------------------------------+----------------+---------+------+---------------------------+--------------+----------------------+-----------------------------------+----------------------------+--------------------------+--------------------+
| process_date                     | invoice_date   |     cin |   dc |   lf_ship_to_location_num |   LF_AA_Code |   CF_Network_Rec_Qty |   CF_MIN_MAX_Network_Forecast_Qty |   CF_Network_Backorder_Qty |   CF_Network_HOLDOUT_Qty |   CF_CIN_Short_Qty |
+==================================+================+=========+======+===========================+==============+======================+===================================+============================+==========================+====================+
| 2025-02-28 10:20:07.360426+00:00 | 2025-02-28     | 3214152 |   37 |                        37 |          996 |                    0 |                                 0 |                        225 |                        0 |                376 |
+----------------------------------+----------------+---------+------+---------------------------+--------------+----------------------+-----------------------------------+----------------------------+--------------------------+--------------------+
| 2025-02-28 10:20:07.360426+00:00 | 2025-02-28     | 3214152 |   19 |                        19 |          996 |                    0 |                                 0 |                        225 |                        0 |                376 |
+----------------------------------+----------------+---------+------+---------------------------+--------------+----------------------+-----------------------------------+----------------------------+--------------------------+--------------------+
| 2025-02-28 10:20:07.360426+00:00 | 2025-02-28     | 3214152 |    3 |                         3 |          996 |                    0 |                                 0 |                        225 |                        0 |                376 |
+----------------------------------+----------------+---------+------+---------------------------+--------------+----------------------+-----------------------------------+----------------------------+--------------------------+--------------------+
| 2025-02-28 10:20:07.360426+00:00 | 2025-02-28     | 3214152 |   29 |                        29 |          996 |                    0 |                                 0 |                        225 |                        0 |                376 |
+----------------------------------+----------------+---------+------+---------------------------+--------------+----------------------+-----------------------------------+----------------------------+--------------------------+--------------------+
| 2025-02-28 10:20:07.360426+00:00 | 2025-02-28     | 3214152 |   11 |                        11 |          996 |                    0 |                                 0 |                        225 |                        0 |                376 |
+----------------------------------+----------------+---------+------+---------------------------+--------------+----------------------+-----------------------------------+----------------------------+--------------------------+--------------------+
