Counts initialized sucessfully
TESTCASE 1 - Check for schema 

sucessfully connected
pass_tc_count incremented sucessfully
DDL VALIDATION IS PASSED - Column Name and Data Type is Matching
------------------------------------------------------------------------------------------------------------------------


TESTCASE 2 - No duplicate record displaying for each cin-dc for any given invoice date  
 
sucessfully connected
pass_tc_count incremented sucessfully
Dups Validation IS PASSED - No Duplicates Found
Records for Top 5 CINs
+----------------------------------+----------------+---------+------+---------------------------+--------------------+
| process_date                     | invoice_date   |     cin |   dc |   lf_ship_to_location_num |   CF_CIN_Short_Qty |
+==================================+================+=========+======+===========================+====================+
| 2025-03-18 13:20:02.427476+00:00 | 2025-03-18     | 1237551 |    8 |                         8 |                131 |
+----------------------------------+----------------+---------+------+---------------------------+--------------------+
| 2025-03-18 13:20:02.427476+00:00 | 2025-03-18     | 4534046 |    9 |                         9 |                 77 |
+----------------------------------+----------------+---------+------+---------------------------+--------------------+
| 2025-03-18 13:20:02.427476+00:00 | 2025-03-18     | 2838001 |    3 |                         3 |                161 |
+----------------------------------+----------------+---------+------+---------------------------+--------------------+
| 2025-03-18 13:20:02.427476+00:00 | 2025-03-18     | 2838001 |   18 |                        18 |                161 |
+----------------------------------+----------------+---------+------+---------------------------+--------------------+
| 2025-03-18 13:20:02.427476+00:00 | 2025-03-18     | 2838001 |    9 |                         9 |                161 |
+----------------------------------+----------------+---------+------+---------------------------+--------------------+
------------------------------------------------------------------------------------------------------------------------


TESTCASE 3 - To verify whether supplier has very limited or no inventory available to ship to Cardinal in last 30 days 

sucessfully connected
Validation IS PASSED
Records for Top 5 CINs
+----------------------------------+----------------+---------+------+---------------------------+----------------------+-----------------------------------+----------------------------+--------------------------+--------------------+
| process_date                     | invoice_date   |     cin |   dc |   lf_ship_to_location_num |   CF_Network_Rec_Qty |   CF_MIN_MAX_Network_Forecast_Qty |   CF_Network_Backorder_Qty |   CF_Network_HoldOUT_Qty |   CF_CIN_Short_Qty |
+==================================+================+=========+======+===========================+======================+===================================+============================+==========================+====================+
| 2025-03-18 13:20:02.427476+00:00 | 2025-03-18     | 1237551 |    8 |                         8 |                    0 |                              0    |                          2 |                        0 |                131 |
+----------------------------------+----------------+---------+------+---------------------------+----------------------+-----------------------------------+----------------------------+--------------------------+--------------------+
| 2025-03-18 13:20:02.427476+00:00 | 2025-03-18     | 4534046 |    9 |                         9 |                    0 |                              0    |                         30 |                       63 |                 77 |
+----------------------------------+----------------+---------+------+---------------------------+----------------------+-----------------------------------+----------------------------+--------------------------+--------------------+
| 2025-03-18 13:20:02.427476+00:00 | 2025-03-18     | 2838001 |    3 |                         3 |                  312 |                            995.04 |                         96 |                        1 |                161 |
+----------------------------------+----------------+---------+------+---------------------------+----------------------+-----------------------------------+----------------------------+--------------------------+--------------------+
| 2025-03-18 13:20:02.427476+00:00 | 2025-03-18     | 2838001 |   18 |                        18 |                  312 |                            995.04 |                         96 |                        1 |                161 |
+----------------------------------+----------------+---------+------+---------------------------+----------------------+-----------------------------------+----------------------------+--------------------------+--------------------+
| 2025-03-18 13:20:02.427476+00:00 | 2025-03-18     | 2838001 |    9 |                         9 |                  312 |                            995.04 |                         96 |                        1 |                161 |
+----------------------------------+----------------+---------+------+---------------------------+----------------------+-----------------------------------+----------------------------+--------------------------+--------------------+
pass_tc_count incremented sucessfully


*******************TESTCASE-04 : To verify whether the supplier type is correctly tagged *******************
sucessfully connected
Validation IS PASSED for Supplier Type - CENTRALIZED
sucessfully connected
Validation IS PASSED for Supplier Type - HUBSPOKE
sucessfully connected
Validation IS PASSED for Supplier Type - NON-CENTRALIZED
Records for Top 5 CINs
+----------------------------------+----------------+---------+------+---------------------------+---------------------------+--------------------+-------------------------------+-------------------------------------+--------------------+
| process_date                     | invoice_date   |     cin |   dc |   lf_ship_to_location_num |   Inv_Purchasing_Supplier | cf_supplier_type   | Inv_Buyer_Work_Field_Number   | Inv_Purchasing_Supplier_Sub_Group   |   CF_CIN_Short_Qty |
+==================================+================+=========+======+===========================+===========================+====================+===============================+=====================================+====================+
| 2025-03-18 13:20:02.427476+00:00 | 2025-03-18     | 1237551 |    8 |                         8 |                      9752 |                    |                               |                                     |                131 |
+----------------------------------+----------------+---------+------+---------------------------+---------------------------+--------------------+-------------------------------+-------------------------------------+--------------------+
| 2025-03-18 13:20:02.427476+00:00 | 2025-03-18     | 4534046 |    9 |                         9 |                      1226 |                    |                               |                                     |                 77 |
+----------------------------------+----------------+---------+------+---------------------------+---------------------------+--------------------+-------------------------------+-------------------------------------+--------------------+
| 2025-03-18 13:20:02.427476+00:00 | 2025-03-18     | 2838001 |    3 |                         3 |                     90163 | CENTRALIZED        |                               |                                     |                161 |
+----------------------------------+----------------+---------+------+---------------------------+---------------------------+--------------------+-------------------------------+-------------------------------------+--------------------+
| 2025-03-18 13:20:02.427476+00:00 | 2025-03-18     | 2838001 |   18 |                        18 |                     90163 | CENTRALIZED        |                               |                                     |                161 |
+----------------------------------+----------------+---------+------+---------------------------+---------------------------+--------------------+-------------------------------+-------------------------------------+--------------------+
| 2025-03-18 13:20:02.427476+00:00 | 2025-03-18     | 2838001 |    9 |                         9 |                     90163 | CENTRALIZED        |                               |                                     |                161 |
+----------------------------------+----------------+---------+------+---------------------------+---------------------------+--------------------+-------------------------------+-------------------------------------+--------------------+
------------------------------------------------------------------------------------------------------------------------
pass_tc_count incremented sucessfully



TESTCASE 5 - To verify the Availability alert to identify product backlog 

sucessfully connected
Validation IS PASSED
Records for Top 5 CINs
+----------------------------------+----------------+---------+------+---------------------------+--------------+--------------------+
| process_date                     | invoice_date   |     cin |   dc |   lf_ship_to_location_num |   lf_aa_code |   CF_CIN_Short_Qty |
+==================================+================+=========+======+===========================+==============+====================+
| 2025-03-18 13:20:02.427476+00:00 | 2025-03-18     | 1237551 |    8 |                         8 |          979 |                131 |
+----------------------------------+----------------+---------+------+---------------------------+--------------+--------------------+
| 2025-03-18 13:20:02.427476+00:00 | 2025-03-18     | 4534046 |    9 |                         9 |          996 |                 77 |
+----------------------------------+----------------+---------+------+---------------------------+--------------+--------------------+
| 2025-03-18 13:20:02.427476+00:00 | 2025-03-18     | 2838001 |    3 |                         3 |          996 |                161 |
+----------------------------------+----------------+---------+------+---------------------------+--------------+--------------------+
| 2025-03-18 13:20:02.427476+00:00 | 2025-03-18     | 2838001 |   18 |                        18 |          996 |                161 |
+----------------------------------+----------------+---------+------+---------------------------+--------------+--------------------+
| 2025-03-18 13:20:02.427476+00:00 | 2025-03-18     | 2838001 |    9 |                         9 |          996 |                161 |
+----------------------------------+----------------+---------+------+---------------------------+--------------+--------------------+
pass_tc_count incremented sucessfully


*******************TESTCASE-06 : To verify calculation for Network Received Quantity *******************
sucessfully connected
Validation IS PASSED for Supplier Type - CENTRALIZED
sucessfully connected
Validation IS PASSED for Supplier Type - HUBSPOKE
sucessfully connected
Validation Failed for CF_Supplier_Type='NON-CENTRALIZED' ,3 records, check error file and log for more details
+----------------------------------+----------------+---------+------+------------------+-----------------------+---------------------------+---------------------------+----------------------+---------------------------+---------------+
| Process_Date                     | Invoice_Date   |     cin |   dc |   Invoice_Number |   INVOICE_LINE_NUMBER |   Inv_Purchasing_Supplier |   LF_Ship_To_Location_Num |   CF_Network_Rec_Qty |   CF_Network_Rec_Qty_Calc |   value_match |
+==================================+================+=========+======+==================+=======================+===========================+===========================+======================+===========================+===============+
| 2025-03-18 13:20:02.427476+00:00 | 2025-03-18     | 1208404 |   64 |       7413888289 |                   461 |                      4628 |                        64 |                    0 |                        48 |             0 |
+----------------------------------+----------------+---------+------+------------------+-----------------------+---------------------------+---------------------------+----------------------+---------------------------+---------------+
| 2025-03-18 13:20:02.427476+00:00 | 2025-03-18     | 1208404 |   64 |       7413886780 |                   764 |                      4628 |                        64 |                    0 |                        48 |             0 |
+----------------------------------+----------------+---------+------+------------------+-----------------------+---------------------------+---------------------------+----------------------+---------------------------+---------------+
| 2025-03-18 13:20:02.427476+00:00 | 2025-03-18     | 1208404 |   64 |       7413884580 |                   842 |                      4628 |                        64 |                    0 |                        48 |             0 |
+----------------------------------+----------------+---------+------+------------------+-----------------------+---------------------------+---------------------------+----------------------+---------------------------+---------------+
sucessfully connected
Validation IS PASSED for Supplier Type - NON-HUBSPOKE
Records for Top 5 CINs
+----------------------------------+----------------+---------+------+---------------------------+----------------------+--------------------+
| process_date                     | invoice_date   |     cin |   dc |   lf_ship_to_location_num |   cf_network_rec_qty |   CF_CIN_Short_Qty |
+==================================+================+=========+======+===========================+======================+====================+
| 2025-03-18 13:20:02.427476+00:00 | 2025-03-18     | 1237551 |    8 |                         8 |                    0 |                131 |
+----------------------------------+----------------+---------+------+---------------------------+----------------------+--------------------+
| 2025-03-18 13:20:02.427476+00:00 | 2025-03-18     | 4534046 |    9 |                         9 |                    0 |                 77 |
+----------------------------------+----------------+---------+------+---------------------------+----------------------+--------------------+
| 2025-03-18 13:20:02.427476+00:00 | 2025-03-18     | 2838001 |    3 |                         3 |                  312 |                161 |
+----------------------------------+----------------+---------+------+---------------------------+----------------------+--------------------+
| 2025-03-18 13:20:02.427476+00:00 | 2025-03-18     | 2838001 |   18 |                        18 |                  312 |                161 |
+----------------------------------+----------------+---------+------+---------------------------+----------------------+--------------------+
| 2025-03-18 13:20:02.427476+00:00 | 2025-03-18     | 2838001 |    9 |                         9 |                  312 |                161 |
+----------------------------------+----------------+---------+------+---------------------------+----------------------+--------------------+
------------------------------------------------------------------------------------------------------------------------


*******************TESTCASE-07 : To verify calculation for Network Forecast Quantity *******************
sucessfully connected
Validation Failed for CF_Supplier_Type='CENTRALIZED' ,323 records, check error file and log for more details
+----------------------------------+----------------+---------+------+------------------+-----------------------+---------------------------+---------------------------+-----------------------------------+------------+------------+--------------------------------+---------------+
| Process_Date                     | Invoice_Date   |     cin |   dc |   Invoice_Number |   INVOICE_LINE_NUMBER |   Inv_Purchasing_Supplier |   LF_Ship_To_Location_Num |   CF_MIN_MAX_Network_Forecast_Qty |   max_fcst |   min_fcst |   CF_Network_Forecast_Qty_Calc |   value_match |
+==================================+================+=========+======+==================+=======================+===========================+===========================+===================================+============+============+================================+===============+
| 2025-03-18 13:20:02.427476+00:00 | 2025-03-18     | 3234036 |    9 |       7413863984 |                   570 |                     90163 |                         9 |                           4186.04 |    4180.36 |    4180.36 |                        4180.36 |             0 |
+----------------------------------+----------------+---------+------+------------------+-----------------------+---------------------------+---------------------------+-----------------------------------+------------+------------+--------------------------------+---------------+
| 2025-03-18 13:20:02.427476+00:00 | 2025-03-18     | 2838001 |    3 |       7413820145 |                   381 |                     90163 |                         3 |                            995.04 |    1011.17 |    1011.17 |                        1011.17 |             0 |
+----------------------------------+----------------+---------+------+------------------+-----------------------+---------------------------+---------------------------+-----------------------------------+------------+------------+--------------------------------+---------------+
| 2025-03-18 13:20:02.427476+00:00 | 2025-03-18     | 2838001 |    3 |       7413816791 |                   140 |                     90163 |                         3 |                            995.04 |    1011.17 |    1011.17 |                        1011.17 |             0 |
+----------------------------------+----------------+---------+------+------------------+-----------------------+---------------------------+---------------------------+-----------------------------------+------------+------------+--------------------------------+---------------+
| 2025-03-18 13:20:02.427476+00:00 | 2025-03-18     | 2838001 |    3 |       7413817665 |                   391 |                     90163 |                         3 |                            995.04 |    1011.17 |    1011.17 |                        1011.17 |             0 |
+----------------------------------+----------------+---------+------+------------------+-----------------------+---------------------------+---------------------------+-----------------------------------+------------+------------+--------------------------------+---------------+
| 2025-03-18 13:20:02.427476+00:00 | 2025-03-18     | 2838001 |   18 |       7413854694 |                   452 |                     90163 |                        18 |                            995.04 |    1011.17 |    1011.17 |                        1011.17 |             0 |
+----------------------------------+----------------+---------+------+------------------+-----------------------+---------------------------+---------------------------+-----------------------------------+------------+------------+--------------------------------+---------------+
sucessfully connected
Validation IS PASSED for Supplier Type - HUBSPOKE
sucessfully connected
Validation Failed for CF_Supplier_Type='NON-CENTRALIZED' ,14 records, check error file and log for more details
+----------------------------------+----------------+---------+------+------------------+-----------------------+---------------------------+---------------------------+----------------------+-----------------------------------+------------+------------+--------------------------------+---------------+
| Process_Date                     | Invoice_Date   |     cin |   dc |   Invoice_Number |   INVOICE_LINE_NUMBER |   Inv_Purchasing_Supplier |   LF_Ship_To_Location_Num |   CF_Network_Rec_Qty |   CF_MIN_MAX_Network_Forecast_Qty |   max_fcst |   min_fcst |   CF_Network_Forecast_Qty_Calc |   value_match |
+==================================+================+=========+======+==================+=======================+===========================+===========================+======================+===================================+============+============+================================+===============+
| 2025-03-18 13:20:02.427476+00:00 | 2025-03-18     | 3778917 |   18 |       7413854013 |                    41 |                      9189 |                        18 |                   16 |                            137.72 |     114.77 |     114.77 |                         114.77 |             0 |
+----------------------------------+----------------+---------+------+------------------+-----------------------+---------------------------+---------------------------+----------------------+-----------------------------------+------------+------------+--------------------------------+---------------+
| 2025-03-18 13:20:02.427476+00:00 | 2025-03-18     | 2579472 |   29 |       7413859314 |                    70 |                      2598 |                        29 |                   48 |                            244.41 |     260.01 |     260.01 |                         260.01 |             0 |
+----------------------------------+----------------+---------+------+------------------+-----------------------+---------------------------+---------------------------+----------------------+-----------------------------------+------------+------------+--------------------------------+---------------+
| 2025-03-18 13:20:02.427476+00:00 | 2025-03-18     | 2579472 |   29 |       7413863408 |                    63 |                      2598 |                        29 |                   48 |                            244.41 |     260.01 |     260.01 |                         260.01 |             0 |
+----------------------------------+----------------+---------+------+------------------+-----------------------+---------------------------+---------------------------+----------------------+-----------------------------------+------------+------------+--------------------------------+---------------+
| 2025-03-18 13:20:02.427476+00:00 | 2025-03-18     | 2579472 |   29 |       7413844288 |                    71 |                      2598 |                        29 |                   48 |                            244.41 |     260.01 |     260.01 |                         260.01 |             0 |
+----------------------------------+----------------+---------+------+------------------+-----------------------+---------------------------+---------------------------+----------------------+-----------------------------------+------------+------------+--------------------------------+---------------+
| 2025-03-18 13:20:02.427476+00:00 | 2025-03-18     | 2579472 |   29 |       7413844982 |                   193 |                      2598 |                        29 |                   48 |                            244.41 |     260.01 |     260.01 |                         260.01 |             0 |
+----------------------------------+----------------+---------+------+------------------+-----------------------+---------------------------+---------------------------+----------------------+-----------------------------------+------------+------------+--------------------------------+---------------+
------------------------------------------------------------------------------------------------------------------------


*******************TESTCASE-08 : To verify calculation for Network Backorder Quantity, When searched for a particular process date, invoice date and CIN and backorder quantity is inspected, Then for centralised supplier, Network Backorder Quantity is calculated at CIN level ,And for non-centralised supplier, Network Backorder Quantity is calculated at CIN-shipping location level *******************
sucessfully connected
Validation IS PASSED for Supplier Type - CENTRALIZED
sucessfully connected
Validation IS PASSED for Supplier Type - HUBSPOKE
sucessfully connected
Validation IS PASSED for Supplier Type - NON-CENTRALIZED
Records for Top 5 CINs
+----------------------------------+----------------+---------+------+---------------------------+----------------------------+--------------------+
| process_date                     | invoice_date   |     cin |   dc |   lf_ship_to_location_num |   cf_network_backorder_qty |   CF_CIN_Short_Qty |
+==================================+================+=========+======+===========================+============================+====================+
| 2025-03-18 13:20:02.427476+00:00 | 2025-03-18     | 1237551 |    8 |                         8 |                          2 |                131 |
+----------------------------------+----------------+---------+------+---------------------------+----------------------------+--------------------+
| 2025-03-18 13:20:02.427476+00:00 | 2025-03-18     | 4534046 |    9 |                         9 |                         30 |                 77 |
+----------------------------------+----------------+---------+------+---------------------------+----------------------------+--------------------+
| 2025-03-18 13:20:02.427476+00:00 | 2025-03-18     | 2838001 |    3 |                         3 |                         96 |                161 |
+----------------------------------+----------------+---------+------+---------------------------+----------------------------+--------------------+
| 2025-03-18 13:20:02.427476+00:00 | 2025-03-18     | 2838001 |   18 |                        18 |                         96 |                161 |
+----------------------------------+----------------+---------+------+---------------------------+----------------------------+--------------------+
| 2025-03-18 13:20:02.427476+00:00 | 2025-03-18     | 2838001 |    9 |                         9 |                         96 |                161 |
+----------------------------------+----------------+---------+------+---------------------------+----------------------------+--------------------+
------------------------------------------------------------------------------------------------------------------------
pass_tc_count incremented sucessfully


*******************TESTCASE-09 : To verify calculation for Network Holdout Quantity, When searched for a particular process date, invoice date and CIN and holdout quantity is inspected, Then for centralised supplier, Network Holdout Quantity is calculated at CIN level ,And for non-centralised supplier, Network Holdout Quantity is calculated at CIN-shipping location level *******************
sucessfully connected
Validation IS PASSED for Supplier Type - CENTRALIZED
sucessfully connected
Validation IS PASSED for Supplier Type - HUBSPOKE
sucessfully connected
Validation IS PASSED for Supplier Type - NON-CENTRALIZED
Records for Top 5 CINs
+----------------------------------+----------------+---------+------+---------------------------+--------------------------+--------------------+
| process_date                     | invoice_date   |     cin |   dc |   lf_ship_to_location_num |   cf_network_holdout_qty |   CF_CIN_Short_Qty |
+==================================+================+=========+======+===========================+==========================+====================+
| 2025-03-18 13:20:02.427476+00:00 | 2025-03-18     | 5811575 |    3 |                         3 |                      215 |               1105 |
+----------------------------------+----------------+---------+------+---------------------------+--------------------------+--------------------+
| 2025-03-18 13:20:02.427476+00:00 | 2025-03-18     | 5811575 |    6 |                         6 |                      215 |               1105 |
+----------------------------------+----------------+---------+------+---------------------------+--------------------------+--------------------+
| 2025-03-18 13:20:02.427476+00:00 | 2025-03-18     | 5811575 |    8 |                         8 |                      215 |               1105 |
+----------------------------------+----------------+---------+------+---------------------------+--------------------------+--------------------+
| 2025-03-18 13:20:02.427476+00:00 | 2025-03-18     | 5811575 |    9 |                         9 |                      215 |               1105 |
+----------------------------------+----------------+---------+------+---------------------------+--------------------------+--------------------+
| 2025-03-18 13:20:02.427476+00:00 | 2025-03-18     | 5811575 |   19 |                        19 |                      215 |               1105 |
+----------------------------------+----------------+---------+------+---------------------------+--------------------------+--------------------+
------------------------------------------------------------------------------------------------------------------------
pass_tc_count incremented sucessfully


TESTCASE 10 - All invoices in RCA 1 should not show short_code as '01' or short id as 'S' 

sucessfully connected
Validation IS PASSED
Records for Top 5 CINs
+----------------------------------+----------------+---------+------+---------------------------+--------------------+
| process_date                     | invoice_date   |     cin |   dc |   lf_ship_to_location_num |   CF_CIN_Short_Qty |
+==================================+================+=========+======+===========================+====================+
| 2025-03-18 13:20:02.427476+00:00 | 2025-03-18     | 5811575 |    3 |                         3 |               1105 |
+----------------------------------+----------------+---------+------+---------------------------+--------------------+
| 2025-03-18 13:20:02.427476+00:00 | 2025-03-18     | 5811575 |    6 |                         6 |               1105 |
+----------------------------------+----------------+---------+------+---------------------------+--------------------+
| 2025-03-18 13:20:02.427476+00:00 | 2025-03-18     | 5811575 |    8 |                         8 |               1105 |
+----------------------------------+----------------+---------+------+---------------------------+--------------------+
| 2025-03-18 13:20:02.427476+00:00 | 2025-03-18     | 5811575 |    9 |                         9 |               1105 |
+----------------------------------+----------------+---------+------+---------------------------+--------------------+
| 2025-03-18 13:20:02.427476+00:00 | 2025-03-18     | 5811575 |   19 |                        19 |               1105 |
+----------------------------------+----------------+---------+------+---------------------------+--------------------+
pass_tc_count incremented sucessfully


TESTCASE 11 - All invoices in the table should have short code as not null When searched for a shorted invoice Then the value of LF_Short_Code should match with the source And LF_Short_Code should not be null 

Validationg : LF_Short_code should not be null for the shorted invoices
sucessfully connected
Validation IS PASSED
Validationg : LF_Short_code should matches with source
sucessfully connected
Validation IS PASSED
Records for Top 5 CINs
+----------------------------------+----------------+---------+------+---------------------------+-----------------+--------------------+
| process_date                     | invoice_date   |     cin |   dc |   lf_ship_to_location_num |   lf_short_code |   CF_CIN_Short_Qty |
+==================================+================+=========+======+===========================+=================+====================+
| 2025-03-18 13:20:02.427476+00:00 | 2025-03-18     | 1237551 |    8 |                         8 |              05 |                131 |
+----------------------------------+----------------+---------+------+---------------------------+-----------------+--------------------+
| 2025-03-18 13:20:02.427476+00:00 | 2025-03-18     | 4534046 |    9 |                         9 |              05 |                 77 |
+----------------------------------+----------------+---------+------+---------------------------+-----------------+--------------------+
| 2025-03-18 13:20:02.427476+00:00 | 2025-03-18     | 2838001 |    3 |                         3 |              05 |                161 |
+----------------------------------+----------------+---------+------+---------------------------+-----------------+--------------------+
| 2025-03-18 13:20:02.427476+00:00 | 2025-03-18     | 2838001 |   18 |                        18 |              05 |                161 |
+----------------------------------+----------------+---------+------+---------------------------+-----------------+--------------------+
| 2025-03-18 13:20:02.427476+00:00 | 2025-03-18     | 2838001 |    9 |                         9 |              05 |                161 |
+----------------------------------+----------------+---------+------+---------------------------+-----------------+--------------------+
pass_tc_count incremented sucessfully
------------------------------------------------------------------------------------------------------------------------


TESTCASE 12 - Verifying count of invoice in RCA1 

sucessfully connected
Validation IS PASSED
Records for Top 5 CINs
+----------------------------------+----------------+---------+------+---------------------------+--------------+----------------------+-----------------------------------+----------------------------+--------------------------+--------------------+
| process_date                     | invoice_date   |     cin |   dc |   lf_ship_to_location_num |   LF_AA_Code |   CF_Network_Rec_Qty |   CF_MIN_MAX_Network_Forecast_Qty |   CF_Network_Backorder_Qty |   CF_Network_HOLDOUT_Qty |   CF_CIN_Short_Qty |
+==================================+================+=========+======+===========================+==============+======================+===================================+============================+==========================+====================+
| 2025-03-18 13:20:02.427476+00:00 | 2025-03-18     | 1237551 |    8 |                         8 |          979 |                    0 |                              0    |                          2 |                        0 |                131 |
+----------------------------------+----------------+---------+------+---------------------------+--------------+----------------------+-----------------------------------+----------------------------+--------------------------+--------------------+
| 2025-03-18 13:20:02.427476+00:00 | 2025-03-18     | 4534046 |    9 |                         9 |          996 |                    0 |                              0    |                         30 |                       63 |                 77 |
+----------------------------------+----------------+---------+------+---------------------------+--------------+----------------------+-----------------------------------+----------------------------+--------------------------+--------------------+
| 2025-03-18 13:20:02.427476+00:00 | 2025-03-18     | 2838001 |    3 |                         3 |          996 |                  312 |                            995.04 |                         96 |                        1 |                161 |
+----------------------------------+----------------+---------+------+---------------------------+--------------+----------------------+-----------------------------------+----------------------------+--------------------------+--------------------+
| 2025-03-18 13:20:02.427476+00:00 | 2025-03-18     | 2838001 |   18 |                        18 |          996 |                  312 |                            995.04 |                         96 |                        1 |                161 |
+----------------------------------+----------------+---------+------+---------------------------+--------------+----------------------+-----------------------------------+----------------------------+--------------------------+--------------------+
| 2025-03-18 13:20:02.427476+00:00 | 2025-03-18     | 2838001 |    9 |                         9 |          996 |                  312 |                            995.04 |                         96 |                        1 |                161 |
+----------------------------------+----------------+---------+------+---------------------------+--------------+----------------------+-----------------------------------+----------------------------+--------------------------+--------------------+
pass_tc_count incremented sucessfully


Total Number of Test Cases : 12
Total Number of pass Test Cases : 10
Total Number of failed Test Cases : 2
