TESTCASE 1 - Validate column/schema naming convention for RCA_UNFILL_SUPPLIER_LIMITED_PRODUCT_CDL When all the columns and data types are matched Then schema naming convention is verified and passed 

DDL VALIDATION IS PASSED - Column Name and Data Type is Matching
------------------------------------------------------------------------------------------------------------------------
TESTCASE 2 - No duplicate record displaying for each cin-dc,invoice number and supplier for any given invoice date  When searched with invoice date filter  Then each cin-dc,invoice number and supplier combination should have distinct record 
 
Dups Validation IS PASSED - No Duplicates Found
Records for Top 5 CINs
+----------------------------------+----------------+---------+------+---------------------------+--------------------+
| process_date                     | invoice_date   |     cin |   dc |   lf_ship_to_location_num |   CF_CIN_Short_Qty |
+==================================+================+=========+======+===========================+====================+
| 2025-03-03 10:20:02.164503+00:00 | 2025-03-03     | 3025616 |   18 |                        18 |                459 |
+----------------------------------+----------------+---------+------+---------------------------+--------------------+
| 2025-03-03 10:20:02.164503+00:00 | 2025-03-03     | 3025616 |   26 |                        26 |                459 |
+----------------------------------+----------------+---------+------+---------------------------+--------------------+
| 2025-03-03 10:20:02.164503+00:00 | 2025-03-03     | 3025616 |   64 |                        64 |                459 |
+----------------------------------+----------------+---------+------+---------------------------+--------------------+
| 2025-03-03 10:20:02.164503+00:00 | 2025-03-03     | 3582780 |   26 |                        26 |                222 |
+----------------------------------+----------------+---------+------+---------------------------+--------------------+
| 2025-03-03 10:20:02.164503+00:00 | 2025-03-03     | 2161792 |    6 |                         6 |                221 |
+----------------------------------+----------------+---------+------+---------------------------+--------------------+
------------------------------------------------------------------------------------------------------------------------
*******************TESTCASE-03 : To verify whether the supplier type is correctly tagged When searched for any process date for any CIN and DC Then CF_Supplier_Type should be correctly tagged as 'CENTRALIZED','NONCENTRALIZED' or 'HUBSPOKE' *******************
Validation IS PASSED for Supplier Type - CENTRALIZED
Validation IS PASSED for Supplier Type - HUBSPOKE
Validation IS PASSED for Supplier Type - NON-CENTRALIZED
Records for Top 5 CINs
+----------------------------------+----------------+---------+------+---------------------------+---------------------------+--------------------+-------------------------------+-------------------------------------+--------------------+
| process_date                     | invoice_date   |     cin |   dc |   lf_ship_to_location_num |   Inv_Purchasing_Supplier | cf_supplier_type   | Inv_Buyer_Work_Field_Number   | Inv_Purchasing_Supplier_Sub_Group   |   CF_CIN_Short_Qty |
+==================================+================+=========+======+===========================+===========================+====================+===============================+=====================================+====================+
| 2025-03-03 10:20:02.164503+00:00 | 2025-03-03     | 3025616 |   18 |                        18 |                      2406 | NONCENTRALIZED     |                               |                                     |                459 |
+----------------------------------+----------------+---------+------+---------------------------+---------------------------+--------------------+-------------------------------+-------------------------------------+--------------------+
| 2025-03-03 10:20:02.164503+00:00 | 2025-03-03     | 3025616 |   26 |                        26 |                     90990 | HUBSPOKE           | VRT                           |                                     |                459 |
+----------------------------------+----------------+---------+------+---------------------------+---------------------------+--------------------+-------------------------------+-------------------------------------+--------------------+
| 2025-03-03 10:20:02.164503+00:00 | 2025-03-03     | 3025616 |   64 |                        64 |                      2406 | NONCENTRALIZED     |                               |                                     |                459 |
+----------------------------------+----------------+---------+------+---------------------------+---------------------------+--------------------+-------------------------------+-------------------------------------+--------------------+
| 2025-03-03 10:20:02.164503+00:00 | 2025-03-03     | 3582780 |   26 |                        26 |                     90990 | HUBSPOKE           | VRT                           |                                     |                222 |
+----------------------------------+----------------+---------+------+---------------------------+---------------------------+--------------------+-------------------------------+-------------------------------------+--------------------+
| 2025-03-03 10:20:02.164503+00:00 | 2025-03-03     | 2161792 |    6 |                         6 |                      2089 | NONCENTRALIZED     |                               |                                     |                221 |
+----------------------------------+----------------+---------+------+---------------------------+---------------------------+--------------------+-------------------------------+-------------------------------------+--------------------+
------------------------------------------------------------------------------------------------------------------------
TESTCASE 4 - To verify the Availability alert to identify product backlog When searched with process date for any material Then record should always display AA code except 950,995,980 

Validation IS PASSED
Records for Top 5 CINs
+----------------------------------+----------------+---------+------+---------------------------+--------------+--------------------+
| process_date                     | invoice_date   |     cin |   dc |   lf_ship_to_location_num |   lf_aa_code |   CF_CIN_Short_Qty |
+==================================+================+=========+======+===========================+==============+====================+
| 2025-03-03 10:20:02.164503+00:00 | 2025-03-03     | 3025616 |   18 |                        18 |          998 |                459 |
+----------------------------------+----------------+---------+------+---------------------------+--------------+--------------------+
| 2025-03-03 10:20:02.164503+00:00 | 2025-03-03     | 3025616 |   26 |                        26 |          998 |                459 |
+----------------------------------+----------------+---------+------+---------------------------+--------------+--------------------+
| 2025-03-03 10:20:02.164503+00:00 | 2025-03-03     | 3025616 |   26 |                        26 |          996 |                459 |
+----------------------------------+----------------+---------+------+---------------------------+--------------+--------------------+
| 2025-03-03 10:20:02.164503+00:00 | 2025-03-03     | 3025616 |   64 |                        64 |          998 |                459 |
+----------------------------------+----------------+---------+------+---------------------------+--------------+--------------------+
| 2025-03-03 10:20:02.164503+00:00 | 2025-03-03     | 3582780 |   26 |                        26 |          979 |                222 |
+----------------------------------+----------------+---------+------+---------------------------+--------------+--------------------+

TESTCASE 5 - To verify whether supplier has limited inventory available to ship to Cardinal in last 30 days When records for both centralised and non-centralised suppliers are searched Then Network Received Quantity should be greater than or equal to 10% and less than or equal to 95% of ((4*Network Forecast) + Network Holdouts + Network Backorder)) 

Validation IS PASSED
Records for Top 5 CINs
+----------------------------------+----------------+---------+------+---------------------------+----------------------+---------------------------+----------------------------+--------------------------+--------------------+
| process_date                     | invoice_date   |     cin |   dc |   lf_ship_to_location_num |   CF_Network_Rec_Qty |   CF_Network_Forecast_Qty |   CF_Network_Backorder_Qty |   CF_Network_HoldOUT_Qty |   CF_CIN_Short_Qty |
+==================================+================+=========+======+===========================+======================+===========================+============================+==========================+====================+
| 2025-03-03 10:20:02.164503+00:00 | 2025-03-03     | 3025616 |   18 |                        18 |                   24 |                     27.49 |                          2 |                        0 |                459 |
+----------------------------------+----------------+---------+------+---------------------------+----------------------+---------------------------+----------------------------+--------------------------+--------------------+
| 2025-03-03 10:20:02.164503+00:00 | 2025-03-03     | 3025616 |   26 |                        26 |                   84 |                     62.26 |                          0 |                        6 |                459 |
+----------------------------------+----------------+---------+------+---------------------------+----------------------+---------------------------+----------------------------+--------------------------+--------------------+
| 2025-03-03 10:20:02.164503+00:00 | 2025-03-03     | 3025616 |   64 |                        64 |                  144 |                    108.66 |                          4 |                        0 |                459 |
+----------------------------------+----------------+---------+------+---------------------------+----------------------+---------------------------+----------------------------+--------------------------+--------------------+
| 2025-03-03 10:20:02.164503+00:00 | 2025-03-03     | 3582780 |   26 |                        26 |                   48 |                     43.07 |                          0 |                        4 |                222 |
+----------------------------------+----------------+---------+------+---------------------------+----------------------+---------------------------+----------------------------+--------------------------+--------------------+
| 2025-03-03 10:20:02.164503+00:00 | 2025-03-03     | 2161792 |    6 |                         6 |                   72 |                     68.44 |                          6 |                        0 |                221 |
+----------------------------------+----------------+---------+------+---------------------------+----------------------+---------------------------+----------------------------+--------------------------+--------------------+
*******************TESTCASE-08 : To verify calculation for Network Backorder Quantity When searched for a particular process date, invoice date and CIN and backorder quantity is inspected Then for centralised supplier, Network Backorder Quantity is calculated at CIN level And for non-centralised supplier, Network Backorder Quantity is calculated at CIN-shipping location level *******************
Validation IS PASSED for Supplier Type - CENTRALIZED
Validation IS PASSED for Supplier Type - HUBSPOKE
Validation IS PASSED for Supplier Type - NON-CENTRALIZED
Records for Top 5 CINs
+----------------------------------+----------------+---------+------+---------------------------+----------------------------+--------------------+
| process_date                     | invoice_date   |     cin |   dc |   lf_ship_to_location_num |   cf_network_backorder_qty |   CF_CIN_Short_Qty |
+==================================+================+=========+======+===========================+============================+====================+
| 2025-03-03 10:20:02.164503+00:00 | 2025-03-03     | 3025616 |   18 |                        18 |                          2 |                459 |
+----------------------------------+----------------+---------+------+---------------------------+----------------------------+--------------------+
| 2025-03-03 10:20:02.164503+00:00 | 2025-03-03     | 3025616 |   26 |                        26 |                          0 |                459 |
+----------------------------------+----------------+---------+------+---------------------------+----------------------------+--------------------+
| 2025-03-03 10:20:02.164503+00:00 | 2025-03-03     | 3025616 |   64 |                        64 |                          4 |                459 |
+----------------------------------+----------------+---------+------+---------------------------+----------------------------+--------------------+
| 2025-03-03 10:20:02.164503+00:00 | 2025-03-03     | 3582780 |   26 |                        26 |                          0 |                222 |
+----------------------------------+----------------+---------+------+---------------------------+----------------------------+--------------------+
| 2025-03-03 10:20:02.164503+00:00 | 2025-03-03     | 2161792 |    6 |                         6 |                          6 |                221 |
+----------------------------------+----------------+---------+------+---------------------------+----------------------------+--------------------+
------------------------------------------------------------------------------------------------------------------------
*******************TESTCASE-09 : To verify calculation for Network Holdout Quantity When searched for a particular process date, invoice date and CIN and holdout quantity is inspected Then for centralised supplier, Network Holdout Quantity is calculated at CIN level And for non-centralised supplier, Network Holdout Quantity is calculated at CIN-shipping location level *******************
Validation Failed for CF_Supplier_Type='CENTRALIZED' ,364 records, check error file and log for more details
+----------------------------------+----------------+---------+------+------------------+-----------------------+---------------------------+---------------------------+--------------------------+-------------------------------+---------------+
| Process_Date                     | Invoice_Date   |     cin |   dc |   Invoice_Number |   INVOICE_LINE_NUMBER |   Inv_Purchasing_Supplier |   LF_Ship_To_Location_Num |   CF_Network_Holdout_Qty |   CF_Network_Holdout_Qty_Calc |   value_match |
+==================================+================+=========+======+==================+=======================+===========================+===========================+==========================+===============================+===============+
| 2025-03-03 10:20:02.164503+00:00 | 2025-03-03     | 4825816 |   32 |       7411786593 |                   347 |                     90163 |                        32 |                       10 |                            12 |             0 |
+----------------------------------+----------------+---------+------+------------------+-----------------------+---------------------------+---------------------------+--------------------------+-------------------------------+---------------+
| 2025-03-03 10:20:02.164503+00:00 | 2025-03-03     | 4825816 |    6 |       7411723796 |                   104 |                     90163 |                         6 |                       10 |                            12 |             0 |
+----------------------------------+----------------+---------+------+------------------+-----------------------+---------------------------+---------------------------+--------------------------+-------------------------------+---------------+
| 2025-03-03 10:20:02.164503+00:00 | 2025-03-03     | 4825816 |   11 |       7411702181 |                    70 |                     90163 |                        11 |                       10 |                            12 |             0 |
+----------------------------------+----------------+---------+------+------------------+-----------------------+---------------------------+---------------------------+--------------------------+-------------------------------+---------------+
| 2025-03-03 10:20:02.164503+00:00 | 2025-03-03     | 4825816 |   11 |       7411701813 |                    61 |                     90163 |                        11 |                       10 |                            12 |             0 |
+----------------------------------+----------------+---------+------+------------------+-----------------------+---------------------------+---------------------------+--------------------------+-------------------------------+---------------+
| 2025-03-03 10:20:02.164503+00:00 | 2025-03-03     | 4825816 |   11 |       7411703529 |                   793 |                     90163 |                        11 |                       10 |                            12 |             0 |
+----------------------------------+----------------+---------+------+------------------+-----------------------+---------------------------+---------------------------+--------------------------+-------------------------------+---------------+
Validation IS PASSED for Supplier Type - HUBSPOKE
Validation IS PASSED for Supplier Type - NON-CENTRALIZED
Records for Top 5 CINs
+----------------------------------+----------------+---------+------+---------------------------+--------------------------+--------------------+
| process_date                     | invoice_date   |     cin |   dc |   lf_ship_to_location_num |   cf_network_holdout_qty |   CF_CIN_Short_Qty |
+==================================+================+=========+======+===========================+==========================+====================+
| 2025-03-03 10:20:02.164503+00:00 | 2025-03-03     | 3025616 |   18 |                        18 |                        0 |                459 |
+----------------------------------+----------------+---------+------+---------------------------+--------------------------+--------------------+
| 2025-03-03 10:20:02.164503+00:00 | 2025-03-03     | 3025616 |   26 |                        26 |                        6 |                459 |
+----------------------------------+----------------+---------+------+---------------------------+--------------------------+--------------------+
| 2025-03-03 10:20:02.164503+00:00 | 2025-03-03     | 3025616 |   64 |                        64 |                        0 |                459 |
+----------------------------------+----------------+---------+------+---------------------------+--------------------------+--------------------+
| 2025-03-03 10:20:02.164503+00:00 | 2025-03-03     | 3582780 |   26 |                        26 |                        4 |                222 |
+----------------------------------+----------------+---------+------+---------------------------+--------------------------+--------------------+
| 2025-03-03 10:20:02.164503+00:00 | 2025-03-03     | 2161792 |    6 |                         6 |                        0 |                221 |
+----------------------------------+----------------+---------+------+---------------------------+--------------------------+--------------------+
------------------------------------------------------------------------------------------------------------------------
TESTCASE 10 - All invoices in RCA 2 should not show short_code as '01' or short id as 'S' When searched for an invoice number and invoice line number for an invoice date #Then the rejection reason for the invoice should be null or 'Z6' Then either lf_shrt_id<>'S' and lf_short_code<>'01' 

Validation IS PASSED
Records for Top 5 CINs
+----------------------------------+----------------+---------+------+------------------+-----------------------+---------------------------+---------------------------+--------------------+
| Process_date                     | Invoice_Date   |     cin |   dc |   Invoice_Number |   INVOICE_LINE_NUMBER |   Inv_Purchasing_Supplier |   LF_Ship_To_Location_Num |   CF_CIN_Short_Qty |
+==================================+================+=========+======+==================+=======================+===========================+===========================+====================+
| 2025-03-03 10:20:02.164503+00:00 | 2025-03-03     | 3025616 |   18 |       7411727735 |                   432 |                      2406 |                        18 |                459 |
+----------------------------------+----------------+---------+------+------------------+-----------------------+---------------------------+---------------------------+--------------------+
| 2025-03-03 10:20:02.164503+00:00 | 2025-03-03     | 3025616 |   26 |       7411696227 |                   944 |                     90990 |                        26 |                459 |
+----------------------------------+----------------+---------+------+------------------+-----------------------+---------------------------+---------------------------+--------------------+
| 2025-03-03 10:20:02.164503+00:00 | 2025-03-03     | 3025616 |   26 |       7411773081 |                   403 |                     90990 |                        26 |                459 |
+----------------------------------+----------------+---------+------+------------------+-----------------------+---------------------------+---------------------------+--------------------+
| 2025-03-03 10:20:02.164503+00:00 | 2025-03-03     | 3025616 |   64 |       7411777015 |                   791 |                      2406 |                        64 |                459 |
+----------------------------------+----------------+---------+------+------------------+-----------------------+---------------------------+---------------------------+--------------------+
| 2025-03-03 10:20:02.164503+00:00 | 2025-03-03     | 3582780 |   26 |       7411768549 |                   271 |                     90990 |                        26 |                222 |
+----------------------------------+----------------+---------+------+------------------+-----------------------+---------------------------+---------------------------+--------------------+
------------------------------------------------------------------------------------------------------------------------
TESTCASE 11 - All invoices in the table should have short code as not null When searched for a shorted invoice Then the value of LF_Short_Code should match with the source And LF_Short_Code should not be null 

Validationg : LF_Short_code should not be null for the shorted invoices
Validation Failed for ,2 records, check error file and log for more details
+----------------------------------+----------------+------------------+-----------------------+---------+------+-----------------+------------+
| Process_Date                     | Invoice_Date   |   Invoice_Number |   INVOICE_LINE_NUMBER |     CIN |   DC |   LF_Short_Code | SHRT_CDE   |
+==================================+================+==================+=======================+=========+======+=================+============+
| 2025-03-03 10:20:02.164503+00:00 | 2025-03-03     |       7411666335 |                   111 | 5010145 |   27 |              05 |            |
+----------------------------------+----------------+------------------+-----------------------+---------+------+-----------------+------------+
| 2025-03-03 10:20:02.164503+00:00 | 2025-03-03     |       7411785414 |                    81 | 5252184 |   64 |              05 |            |
+----------------------------------+----------------+------------------+-----------------------+---------+------+-----------------+------------+
Validationg : LF_Short_code should matches with source
Validation IS PASSED
Records for Top 5 CINs
+----------------------------------+----------------+---------+------+---------------------------+-----------------+--------------------+
| process_date                     | invoice_date   |     cin |   dc |   lf_ship_to_location_num |   lf_short_code |   CF_CIN_Short_Qty |
+==================================+================+=========+======+===========================+=================+====================+
| 2025-03-03 10:20:02.164503+00:00 | 2025-03-03     | 3025616 |   18 |                        18 |              05 |                459 |
+----------------------------------+----------------+---------+------+---------------------------+-----------------+--------------------+
| 2025-03-03 10:20:02.164503+00:00 | 2025-03-03     | 3025616 |   26 |                        26 |              05 |                459 |
+----------------------------------+----------------+---------+------+---------------------------+-----------------+--------------------+
| 2025-03-03 10:20:02.164503+00:00 | 2025-03-03     | 3025616 |   64 |                        64 |              05 |                459 |
+----------------------------------+----------------+---------+------+---------------------------+-----------------+--------------------+
| 2025-03-03 10:20:02.164503+00:00 | 2025-03-03     | 3582780 |   26 |                        26 |              05 |                222 |
+----------------------------------+----------------+---------+------+---------------------------+-----------------+--------------------+
| 2025-03-03 10:20:02.164503+00:00 | 2025-03-03     | 2161792 |    6 |                         6 |              05 |                221 |
+----------------------------------+----------------+---------+------+---------------------------+-----------------+--------------------+
------------------------------------------------------------------------------------------------------------------------
TESTCASE 12 - Verifying count of invoice in RCA2 When searching for any specific invoice date Then total number of invoices in RCA2 matches the count of invoices which was shorted due to limited product 

Validation IS PASSED
Records for Top 5 CINs
+----------------------------------+----------------+---------+------+---------------------------+--------------+----------------------+-----------------------------------+----------------------------+--------------------------+--------------------+
| process_date                     | invoice_date   |     cin |   dc |   lf_ship_to_location_num |   LF_AA_Code |   CF_Network_Rec_Qty |   CF_MIN_MAX_Network_Forecast_Qty |   CF_Network_Backorder_Qty |   CF_Network_HOLDOUT_Qty |   CF_CIN_Short_Qty |
+==================================+================+=========+======+===========================+==============+======================+===================================+============================+==========================+====================+
| 2025-03-03 10:20:02.164503+00:00 | 2025-03-03     | 3025616 |   18 |                        18 |          998 |                   24 |                             21.49 |                          2 |                        0 |                459 |
+----------------------------------+----------------+---------+------+---------------------------+--------------+----------------------+-----------------------------------+----------------------------+--------------------------+--------------------+
| 2025-03-03 10:20:02.164503+00:00 | 2025-03-03     | 3025616 |   26 |                        26 |          998 |                   84 |                             55.54 |                          0 |                        6 |                459 |
+----------------------------------+----------------+---------+------+---------------------------+--------------+----------------------+-----------------------------------+----------------------------+--------------------------+--------------------+
| 2025-03-03 10:20:02.164503+00:00 | 2025-03-03     | 3025616 |   26 |                        26 |          996 |                   84 |                             55.54 |                          0 |                        6 |                459 |
+----------------------------------+----------------+---------+------+---------------------------+--------------+----------------------+-----------------------------------+----------------------------+--------------------------+--------------------+
| 2025-03-03 10:20:02.164503+00:00 | 2025-03-03     | 3025616 |   64 |                        64 |          998 |                  144 |                             90.35 |                          4 |                        0 |                459 |
+----------------------------------+----------------+---------+------+---------------------------+--------------+----------------------+-----------------------------------+----------------------------+--------------------------+--------------------+
| 2025-03-03 10:20:02.164503+00:00 | 2025-03-03     | 3582780 |   26 |                        26 |          979 |                   48 |                             28.73 |                          0 |                        4 |                222 |
+----------------------------------+----------------+---------+------+---------------------------+--------------+----------------------+-----------------------------------+----------------------------+--------------------------+--------------------+

