*******************TESTCASE-16 : None *******************
Validating : ORDER_CREATE_DTE, Sum_Order_Qty_DC and SAP_SHIP_TO_CUSTOMER_CIN_SHORT_QTY should match the data from source
sucessfully connected
Validation IS PASSED for  - ORDER_CREATE_DTE
sucessfully connected
Validation Failed for 'Sum_Order_Qty_DC' ,2080 records, check error file and log for more details
+----------------------------------+----------------+------------------+-----------------------+---------+------+-----------------------+--------------------+------------+
| Process_Date                     | Invoice_Date   |   Invoice_Number |   INVOICE_LINE_NUMBER |     CIN |   DC |   CF_Sum_Order_Qty_DC |   Sum_Order_Qty_DC |   countqty |
+==================================+================+==================+=======================+=========+======+=======================+====================+============+
| 2025-03-19 09:20:01.769931+00:00 | 2025-03-19     |       7414001329 |                   145 | 5789987 |    3 |                   240 |                295 |          1 |
+----------------------------------+----------------+------------------+-----------------------+---------+------+-----------------------+--------------------+------------+
| 2025-03-19 09:20:01.769931+00:00 | 2025-03-19     |       7413977642 |                   346 | 5789987 |    3 |                   240 |                295 |          1 |
+----------------------------------+----------------+------------------+-----------------------+---------+------+-----------------------+--------------------+------------+
| 2025-03-19 09:20:01.769931+00:00 | 2025-03-19     |       7413977658 |                   176 | 5789987 |    3 |                   240 |                295 |          1 |
+----------------------------------+----------------+------------------+-----------------------+---------+------+-----------------------+--------------------+------------+
| 2025-03-19 09:20:01.769931+00:00 | 2025-03-19     |       7413999835 |                   147 | 5789987 |    3 |                   240 |                295 |          1 |
+----------------------------------+----------------+------------------+-----------------------+---------+------+-----------------------+--------------------+------------+
| 2025-03-19 09:20:01.769931+00:00 | 2025-03-19     |       7414001982 |                   255 | 5789987 |    3 |                   240 |                295 |          1 |
+----------------------------------+----------------+------------------+-----------------------+---------+------+-----------------------+--------------------+------------+
sucessfully connected
Validation IS PASSED for  - NON-SAP_SHIP_TO_CUSTOMER_CIN_SHORT_QTY
Records for Top 5 CINs
+----------------------------------+----------------+---------+---------------------------+------+------------------+-----------------------+--------------------------+-----------------------+-----------------------------------------+--------------------+
| Process_Date                     | Invoice_Date   |     CIN |   LF_Ship_to_Location_Num |   DC |   Invoice_Number |   INVOICE_LINE_NUMBER | LF_CUSTOMER_ORDER_DATE   |   CF_Sum_Order_Qty_DC |   CF_SAP_SHIP_TO_CUSTOMER_CIN_SHORT_QTY |   CF_CIN_Short_Qty |
+==================================+================+=========+===========================+======+==================+=======================+==========================+=======================+=========================================+====================+
| 2025-03-19 09:20:01.769931+00:00 | 2025-03-19     | 5804919 |                        43 |   43 |       7413996279 |                   763 | 2025-03-18               |                  1271 |                                       2 |               2247 |
+----------------------------------+----------------+---------+---------------------------+------+------------------+-----------------------+--------------------------+-----------------------+-----------------------------------------+--------------------+
| 2025-03-19 09:20:01.769931+00:00 | 2025-03-19     | 5804919 |                        43 |   43 |       7414042622 |                   737 | 2025-03-18               |                  1271 |                                       1 |               2247 |
+----------------------------------+----------------+---------+---------------------------+------+------------------+-----------------------+--------------------------+-----------------------+-----------------------------------------+--------------------+
| 2025-03-19 09:20:01.769931+00:00 | 2025-03-19     | 5804919 |                        43 |   43 |       7414041816 |                   575 | 2025-03-18               |                  1271 |                                       1 |               2247 |
+----------------------------------+----------------+---------+---------------------------+------+------------------+-----------------------+--------------------------+-----------------------+-----------------------------------------+--------------------+
| 2025-03-19 09:20:01.769931+00:00 | 2025-03-19     | 5804919 |                        43 |   43 |       7413995779 |                    31 | 2025-03-18               |                  1271 |                                       4 |               2247 |
+----------------------------------+----------------+---------+---------------------------+------+------------------+-----------------------+--------------------------+-----------------------+-----------------------------------------+--------------------+
| 2025-03-19 09:20:01.769931+00:00 | 2025-03-19     | 5804919 |                        43 |   43 |       7414084274 |                    20 | 2025-03-18               |                  1271 |                                       2 |               2247 |
+----------------------------------+----------------+---------+---------------------------+------+------------------+-----------------------+--------------------------+-----------------------+-----------------------------------------+--------------------+
------------------------------------------------------------------------------------------------------------------------
