TESTCASE 7 - Validate Ordered qty at DC level should be greater than order point qty When searched for any Process date at DC level Then Sum of order quantity for a DC should be greater than order point qty 

Validation IS PASSED
Records for Top 5 CINs
+----------------------------------+----------------+------------------+-----------------------+---------+------+-----------------------+------------------+--------------------+
| Process_Date                     | Invoice_Date   |   Invoice_Number |   INVOICE_LINE_NUMBER |     CIN |   DC |   CF_Sum_Order_Qty_DC |   CF_Order_Point |   CF_CIN_Short_Qty |
+==================================+================+==================+=======================+=========+======+=======================+==================+====================+
| 2025-03-05 14:20:02.439737+00:00 | 2025-03-05     |       7412168681 |                    30 | 5242169 |    6 |                  1658 |              390 |               1747 |
+----------------------------------+----------------+------------------+-----------------------+---------+------+-----------------------+------------------+--------------------+
| 2025-03-05 14:20:02.439737+00:00 | 2025-03-05     |       7412161745 |                    10 | 5242169 |    8 |                   548 |              538 |               1747 |
+----------------------------------+----------------+------------------+-----------------------+---------+------+-----------------------+------------------+--------------------+
| 2025-03-05 14:20:02.439737+00:00 | 2025-03-05     |       7412168360 |                    10 | 5888227 |    6 |                   377 |              265 |                781 |
+----------------------------------+----------------+------------------+-----------------------+---------+------+-----------------------+------------------+--------------------+
| 2025-03-05 14:20:02.439737+00:00 | 2025-03-05     |       7412168666 |                    10 | 5888227 |   43 |                   505 |              373 |                781 |
+----------------------------------+----------------+------------------+-----------------------+---------+------+-----------------------+------------------+--------------------+
| 2025-03-05 14:20:02.439737+00:00 | 2025-03-05     |       7412129240 |                   371 | 5888227 |   18 |                   193 |              168 |                781 |
+----------------------------------+----------------+------------------+-----------------------+---------+------+-----------------------+------------------+--------------------+
------------------------------------------------------------------------------------------------------------------------
TESTCASE 2 - No duplicate record should display for any line item in the invoice for same process date When searched with invoice date filter Then each cin-dc-Invoice No.-Invoiceline item no combination should have distinct record 
 
Dups Validation IS PASSED - No Duplicates Found
Records for Top 5 CINs
+----------------+---------+------+------------------+-----------------------+----------------------------------+--------------------+
| Invoice_Date   |     CIN |   DC |   Invoice_Number |   INVOICE_LINE_NUMBER | Process_Date                     |   CF_CIN_Short_Qty |
+================+=========+======+==================+=======================+==================================+====================+
| 2025-03-06     | 5242169 |   32 |       7412340682 |                   594 | 2025-03-06 10:20:01.482565+00:00 |               5866 |
+----------------+---------+------+------------------+-----------------------+----------------------------------+--------------------+
| 2025-03-06     | 5242169 |   32 |       7412340281 |                   223 | 2025-03-06 10:20:01.482565+00:00 |               5866 |
+----------------+---------+------+------------------+-----------------------+----------------------------------+--------------------+
| 2025-03-06     | 5242169 |   32 |       7412341733 |                   724 | 2025-03-06 10:20:01.482565+00:00 |               5866 |
+----------------+---------+------+------------------+-----------------------+----------------------------------+--------------------+
| 2025-03-06     | 5242169 |   32 |       7412341547 |                   372 | 2025-03-06 10:20:01.482565+00:00 |               5866 |
+----------------+---------+------+------------------+-----------------------+----------------------------------+--------------------+
| 2025-03-06     | 5242169 |   32 |       7412341821 |                   571 | 2025-03-06 10:20:01.482565+00:00 |               5866 |
+----------------+---------+------+------------------+-----------------------+----------------------------------+--------------------+
------------------------------------------------------------------------------------------------------------------------
Total Number of TestCases : 19
Total Number of pass TestCases : 0
Total Number of failed TestCases : 19
TESTCASE 2 - No duplicate record should display for any line item in the invoice for same process date When searched with invoice date filter Then each cin-dc-Invoice No.-Invoiceline item no combination should have distinct record 
 
Dups Validation IS PASSED - No Duplicates Found
Records for Top 5 CINs
+----------------+---------+------+------------------+-----------------------+----------------------------------+--------------------+
| Invoice_Date   |     CIN |   DC |   Invoice_Number |   INVOICE_LINE_NUMBER | Process_Date                     |   CF_CIN_Short_Qty |
+================+=========+======+==================+=======================+==================================+====================+
| 2025-03-06     | 5242169 |   34 |       7412353835 |                  1595 | 2025-03-06 14:20:02.046100+00:00 |               2039 |
+----------------+---------+------+------------------+-----------------------+----------------------------------+--------------------+
| 2025-03-06     | 5242169 |    3 |       7412315818 |                   230 | 2025-03-06 14:20:02.046100+00:00 |               2039 |
+----------------+---------+------+------------------+-----------------------+----------------------------------+--------------------+
| 2025-03-06     | 5242169 |    3 |       7412316204 |                   771 | 2025-03-06 14:20:02.046100+00:00 |               2039 |
+----------------+---------+------+------------------+-----------------------+----------------------------------+--------------------+
| 2025-03-06     | 5242169 |    3 |       7412313857 |                   673 | 2025-03-06 14:20:02.046100+00:00 |               2039 |
+----------------+---------+------+------------------+-----------------------+----------------------------------+--------------------+
| 2025-03-06     | 5242169 |    3 |       7412314137 |                   261 | 2025-03-06 14:20:02.046100+00:00 |               2039 |
+----------------+---------+------+------------------+-----------------------+----------------------------------+--------------------+
------------------------------------------------------------------------------------------------------------------------
