*******************TESTCASE-11 : Validate short qty for the identified invoice is due to increased demand of a secondary item When searching for any specific Process date Then total number of invoices in RCA6 showing 'Secondary Item Demand' matches the count of invoices where there is an increase in demand for secondary item *******************
Validating : ORDER_CREATE_DTE, Sum_Order_Qty_DC and SAP_SHIP_TO_CUSTOMER_CIN_SHORT_QTY should match the data from source
sucessfully connected
Validation IS PASSED for  - ORDER_CREATE_DTE
sucessfully connected
Validation Failed for 'Sum_Order_Qty_DC' ,48 records, check error file and log for more details
+----------------------------------+----------------+------------------+-----------------------+---------+------+-----------------------+--------------------+------------+
| Process_Date                     | Invoice_Date   |   Invoice_Number |   INVOICE_LINE_NUMBER |     CIN |   DC |   CF_Sum_Order_Qty_DC |   Sum_Order_Qty_DC |   countqty |
+==================================+================+==================+=======================+=========+======+=======================+====================+============+
| 2025-03-19 09:20:01.769931+00:00 | 2025-03-19     |       7414086247 |                   151 | 5733928 |   64 |                    91 |                178 |          1 |
+----------------------------------+----------------+------------------+-----------------------+---------+------+-----------------------+--------------------+------------+
| 2025-03-19 09:20:01.769931+00:00 | 2025-03-19     |       7414098970 |                   572 | 5733928 |   64 |                    91 |                178 |          1 |
+----------------------------------+----------------+------------------+-----------------------+---------+------+-----------------------+--------------------+------------+
| 2025-03-19 09:20:01.769931+00:00 | 2025-03-19     |       7414091440 |                   271 | 5237110 |   32 |                    51 |               1029 |          1 |
+----------------------------------+----------------+------------------+-----------------------+---------+------+-----------------------+--------------------+------------+
| 2025-03-19 09:20:01.769931+00:00 | 2025-03-19     |       7414091457 |                   718 | 5237110 |   32 |                    51 |               1029 |          1 |
+----------------------------------+----------------+------------------+-----------------------+---------+------+-----------------------+--------------------+------------+
| 2025-03-19 09:20:01.769931+00:00 | 2025-03-19     |       7413998444 |                   211 | 5733928 |    3 |                    44 |                 45 |          1 |
+----------------------------------+----------------+------------------+-----------------------+---------+------+-----------------------+--------------------+------------+
sucessfully connected
Validation IS PASSED for  - NON-SAP_SHIP_TO_CUSTOMER_CIN_SHORT_QTY
Records for Top 5 CINs
+----------------------------------+----------------+---------+---------------------------+------+------------------+-----------------------+--------------------------+-----------------------+-----------------------------------------+--------------------+
| Process_Date                     | Invoice_Date   |     CIN |   LF_Ship_to_Location_Num |   DC |   Invoice_Number |   INVOICE_LINE_NUMBER | LF_CUSTOMER_ORDER_DATE   |   CF_Sum_Order_Qty_DC |   CF_SAP_SHIP_TO_CUSTOMER_CIN_SHORT_QTY |   CF_CIN_Short_Qty |
+==================================+================+=========+===========================+======+==================+=======================+==========================+=======================+=========================================+====================+
| 2025-03-19 09:20:01.769931+00:00 | 2025-03-19     | 5237110 |                        32 |   32 |       7414091935 |                   432 | 2025-03-18               |                    51 |                                       1 |                103 |
+----------------------------------+----------------+---------+---------------------------+------+------------------+-----------------------+--------------------------+-----------------------+-----------------------------------------+--------------------+
| 2025-03-19 09:20:01.769931+00:00 | 2025-03-19     | 5237110 |                        32 |   32 |       7414091540 |                   561 | 2025-03-18               |                    51 |                                       1 |                103 |
+----------------------------------+----------------+---------+---------------------------+------+------------------+-----------------------+--------------------------+-----------------------+-----------------------------------------+--------------------+
| 2025-03-19 09:20:01.769931+00:00 | 2025-03-19     | 5237110 |                        32 |   32 |       7414090514 |                   212 | 2025-03-18               |                    51 |                                       2 |                103 |
+----------------------------------+----------------+---------+---------------------------+------+------------------+-----------------------+--------------------------+-----------------------+-----------------------------------------+--------------------+
| 2025-03-19 09:20:01.769931+00:00 | 2025-03-19     | 5237110 |                        32 |   32 |       7414090015 |                   533 | 2025-03-18               |                    51 |                                       1 |                103 |
+----------------------------------+----------------+---------+---------------------------+------+------------------+-----------------------+--------------------------+-----------------------+-----------------------------------------+--------------------+
| 2025-03-19 09:20:01.769931+00:00 | 2025-03-19     | 5237110 |                        32 |   32 |       7414091440 |                   271 | 2025-03-18               |                    51 |                                      16 |                103 |
+----------------------------------+----------------+---------+---------------------------+------+------------------+-----------------------+--------------------------+-----------------------+-----------------------------------------+--------------------+
------------------------------------------------------------------------------------------------------------------------
