*******************TESTCASE-11 : Validate the ORDER_CREATE_DTE, Sum_Order_Qty_DC and SAP_SHIP_TO_CUSTOMER_CIN_SHORT_QTY of orders in RCA 11 When validate invoices for any given process date Then ORDER_CREATE_DTE, Sum_Order_Qty_DC and SAP_SHIP_TO_CUSTOMER_CIN_SHORT_QTY should match the data from source *******************
Validating : ORDER_CREATE_DTE, Sum_Order_Qty_DC and SAP_SHIP_TO_CUSTOMER_CIN_SHORT_QTY should match the data from source
sucessfully connected
Validation IS PASSED for  - ORDER_CREATE_DTE
sucessfully connected
Validation Failed for 'Sum_Order_Qty_DC' ,48 records, check error file and log for more details
+----------------------------------+----------------+------------------+-----------------------+---------+------+-----------------------+--------------------+------------+
| Process_Date                     | Invoice_Date   |   Invoice_Number |   INVOICE_LINE_NUMBER |     CIN |   DC |   CF_Sum_Order_Qty_DC |   Sum_Order_Qty_DC |   countqty |
+==================================+================+==================+=======================+=========+======+=======================+====================+============+
| 2025-03-19 09:20:01.769931+00:00 | 2025-03-19     |       7414086247 |                   151 | 5733928 |   64 |                    91 |                178 |          1 |
+----------------------------------+----------------+------------------+-----------------------+---------+------+-----------------------+--------------------+------------+
| 2025-03-19 09:20:01.769931+00:00 | 2025-03-19     |       7414098970 |                   572 | 5733928 |   64 |                    91 |                178 |          1 |
+----------------------------------+----------------+------------------+-----------------------+---------+------+-----------------------+--------------------+------------+
| 2025-03-19 09:20:01.769931+00:00 | 2025-03-19     |       7414091440 |                   271 | 5237110 |   32 |                    51 |               1029 |          1 |
+----------------------------------+----------------+------------------+-----------------------+---------+------+-----------------------+--------------------+------------+
| 2025-03-19 09:20:01.769931+00:00 | 2025-03-19     |       7414091457 |                   718 | 5237110 |   32 |                    51 |               1029 |          1 |
+----------------------------------+----------------+------------------+-----------------------+---------+------+-----------------------+--------------------+------------+
| 2025-03-19 09:20:01.769931+00:00 | 2025-03-19     |       7413998444 |                   211 | 5733928 |    3 |                    44 |                 45 |          1 |
+----------------------------------+----------------+------------------+-----------------------+---------+------+-----------------------+--------------------+------------+
sucessfully connected
Validation IS PASSED for  - NON-SAP_SHIP_TO_CUSTOMER_CIN_SHORT_QTY
Records for Top 5 CINs
+----------------------------------+----------------+---------+---------------------------+------+------------------+-----------------------+--------------------------+-----------------------+-----------------------------------------+--------------------+
| Process_Date                     | Invoice_Date   |     CIN |   LF_Ship_to_Location_Num |   DC |   Invoice_Number |   INVOICE_LINE_NUMBER | LF_CUSTOMER_ORDER_DATE   |   CF_Sum_Order_Qty_DC |   CF_SAP_SHIP_TO_CUSTOMER_CIN_SHORT_QTY |   CF_CIN_Short_Qty |
+==================================+================+=========+===========================+======+==================+=======================+==========================+=======================+=========================================+====================+
| 2025-03-19 09:20:01.769931+00:00 | 2025-03-19     | 5237110 |                        32 |   32 |       7414091935 |                   432 | 2025-03-18               |                    51 |                                       1 |                103 |
+----------------------------------+----------------+---------+---------------------------+------+------------------+-----------------------+--------------------------+-----------------------+-----------------------------------------+--------------------+
| 2025-03-19 09:20:01.769931+00:00 | 2025-03-19     | 5237110 |                        32 |   32 |       7414091540 |                   561 | 2025-03-18               |                    51 |                                       1 |                103 |
+----------------------------------+----------------+---------+---------------------------+------+------------------+-----------------------+--------------------------+-----------------------+-----------------------------------------+--------------------+
| 2025-03-19 09:20:01.769931+00:00 | 2025-03-19     | 5237110 |                        32 |   32 |       7414090514 |                   212 | 2025-03-18               |                    51 |                                       2 |                103 |
+----------------------------------+----------------+---------+---------------------------+------+------------------+-----------------------+--------------------------+-----------------------+-----------------------------------------+--------------------+
| 2025-03-19 09:20:01.769931+00:00 | 2025-03-19     | 5237110 |                        32 |   32 |       7414090015 |                   533 | 2025-03-18               |                    51 |                                       1 |                103 |
+----------------------------------+----------------+---------+---------------------------+------+------------------+-----------------------+--------------------------+-----------------------+-----------------------------------------+--------------------+
| 2025-03-19 09:20:01.769931+00:00 | 2025-03-19     | 5237110 |                        32 |   32 |       7414091440 |                   271 | 2025-03-18               |                    51 |                                      16 |                103 |
+----------------------------------+----------------+---------+---------------------------+------+------------------+-----------------------+--------------------------+-----------------------+-----------------------------------------+--------------------+
------------------------------------------------------------------------------------------------------------------------
TESTCASE 8 - Validate short codes for the invoices in RCA_UNFILL_LATE_INTERNAL_PO_CDL is not null and matches with the source Billing Model When validate short codes for any given process date Then LF_Short_code should not be null or blank for the shorted invoices And LF_Short_code matches Short_Code in Billing Model 

Validationg : the value of DUPLICATEMATERIAL should match with the source Material Master Model
sucessfully connected
Validation IS PASSED
Validationg : DUPLICATEMATERIAL should not be SEQUESTERED
sucessfully connected
Validation IS PASSED
Records for Top 5 CINs
+----------------------------------+----------------+------------------+-----------------------+---------+------+-----------------+--------------------+
| Process_Date                     | Invoice_Date   |   Invoice_Number |   INVOICE_LINE_NUMBER |     CIN |   DC |   LF_Short_Code |   CF_CIN_Short_Qty |
+==================================+================+==================+=======================+=========+======+=================+====================+
| 2025-03-19 09:20:01.769931+00:00 | 2025-03-19     |       7414091935 |                   432 | 5237110 |   32 |              06 |                103 |
+----------------------------------+----------------+------------------+-----------------------+---------+------+-----------------+--------------------+
| 2025-03-19 09:20:01.769931+00:00 | 2025-03-19     |       7414091540 |                   561 | 5237110 |   32 |              06 |                103 |
+----------------------------------+----------------+------------------+-----------------------+---------+------+-----------------+--------------------+
| 2025-03-19 09:20:01.769931+00:00 | 2025-03-19     |       7414090514 |                   212 | 5237110 |   32 |              06 |                103 |
+----------------------------------+----------------+------------------+-----------------------+---------+------+-----------------+--------------------+
| 2025-03-19 09:20:01.769931+00:00 | 2025-03-19     |       7414090015 |                   533 | 5237110 |   32 |              06 |                103 |
+----------------------------------+----------------+------------------+-----------------------+---------+------+-----------------+--------------------+
| 2025-03-19 09:20:01.769931+00:00 | 2025-03-19     |       7414091440 |                   271 | 5237110 |   32 |              06 |                103 |
+----------------------------------+----------------+------------------+-----------------------+---------+------+-----------------+--------------------+
pass_tc_count incremented sucessfully
------------------------------------------------------------------------------------------------------------------------
TESTCASE 4 - Verify Order delivery status is Late for all records displaying in RCA11 When searched with any invoice date filter and ship to location Then Order Delivery status is correctly calculated as 'Late' And all records should display Order Delivery Status as 'Late' 

Validationg : Order Delivery status is correctly calculated as 'Late'
sucessfully connected
Validation IS PASSED
Validationg : all records should display Order Delivery Status as 'Late'
sucessfully connected
Validation IS PASSED
Records for Top 5 CINs
+----------------------------------+----------------+---------+---------------------------+------+------------------+-----------------------+------------------+----------------+---------------------+----------------------------+--------------------+
| Process_Date                     | Invoice_Date   |     CIN |   LF_Ship_to_Location_Num |   DC |   Invoice_Number |   INVOICE_LINE_NUMBER |   Purchase_Order | Order_Client   |   LF_Order_Supplier | CF_Order_Delivery_Status   |   CF_CIN_Short_Qty |
+==================================+================+=========+===========================+======+==================+=======================+==================+================+=====================+============================+====================+
| 2025-03-19 09:20:01.769931+00:00 | 2025-03-19     | 5237110 |                        32 |   32 |       7414091935 |                   432 |          6528019 | P032           |               90163 | Late                       |                103 |
+----------------------------------+----------------+---------+---------------------------+------+------------------+-----------------------+------------------+----------------+---------------------+----------------------------+--------------------+
| 2025-03-19 09:20:01.769931+00:00 | 2025-03-19     | 5237110 |                        32 |   32 |       7414091540 |                   561 |          6528019 | P032           |               90163 | Late                       |                103 |
+----------------------------------+----------------+---------+---------------------------+------+------------------+-----------------------+------------------+----------------+---------------------+----------------------------+--------------------+
| 2025-03-19 09:20:01.769931+00:00 | 2025-03-19     | 5237110 |                        32 |   32 |       7414090514 |                   212 |          6528019 | P032           |               90163 | Late                       |                103 |
+----------------------------------+----------------+---------+---------------------------+------+------------------+-----------------------+------------------+----------------+---------------------+----------------------------+--------------------+
| 2025-03-19 09:20:01.769931+00:00 | 2025-03-19     | 5237110 |                        32 |   32 |       7414090015 |                   533 |          6528019 | P032           |               90163 | Late                       |                103 |
+----------------------------------+----------------+---------+---------------------------+------+------------------+-----------------------+------------------+----------------+---------------------+----------------------------+--------------------+
| 2025-03-19 09:20:01.769931+00:00 | 2025-03-19     | 5237110 |                        32 |   32 |       7414091440 |                   271 |          6528019 | P032           |               90163 | Late                       |                103 |
+----------------------------------+----------------+---------+---------------------------+------+------------------+-----------------------+------------------+----------------+---------------------+----------------------------+--------------------+
pass_tc_count incremented sucessfully
------------------------------------------------------------------------------------------------------------------------
TESTCASE 1 - Validate column/schema naming convention for RCA_UNFILL_LATE_INTERNAL_PO_CDL When all the columns and data types are matched Then schema naming convention is verified and passed 

sucessfully connected
pass_tc_count incremented sucessfully
DDL VALIDATION IS PASSED - Column Name and Data Type is Matching
------------------------------------------------------------------------------------------------------------------------
TESTCASE 2 - No duplicate record should display for any line item in the invoice for same process date When searched with process date filter Then each cin-dc-Invoice No.-Invoiceline-Purchase_Order-Invoice_date item no combination should have distinct record 
 
sucessfully connected
pass_tc_count incremented sucessfully
Dups Validation IS PASSED - No Duplicates Found
Records for Top 5 CINs
+----------------+---------+------+------------------+-----------------------+------------------+----------------------------------+--------------------+
| Invoice_Date   |     cin |   dc |   Invoice_Number |   INVOICE_LINE_NUMBER |   Purchase_order | Process_Date                     |   CF_CIN_Short_Qty |
+================+=========+======+==================+=======================+==================+==================================+====================+
| 2025-03-19     | 5237110 |   32 |       7414091935 |                   432 |          6528019 | 2025-03-19 09:20:01.769931+00:00 |                103 |
+----------------+---------+------+------------------+-----------------------+------------------+----------------------------------+--------------------+
| 2025-03-19     | 5237110 |   32 |       7414091540 |                   561 |          6528019 | 2025-03-19 09:20:01.769931+00:00 |                103 |
+----------------+---------+------+------------------+-----------------------+------------------+----------------------------------+--------------------+
| 2025-03-19     | 5237110 |   32 |       7414090514 |                   212 |          6528019 | 2025-03-19 09:20:01.769931+00:00 |                103 |
+----------------+---------+------+------------------+-----------------------+------------------+----------------------------------+--------------------+
| 2025-03-19     | 5237110 |   32 |       7414090015 |                   533 |          6528019 | 2025-03-19 09:20:01.769931+00:00 |                103 |
+----------------+---------+------+------------------+-----------------------+------------------+----------------------------------+--------------------+
| 2025-03-19     | 5237110 |   32 |       7414091440 |                   271 |          6528019 | 2025-03-19 09:20:01.769931+00:00 |                103 |
+----------------+---------+------+------------------+-----------------------+------------------+----------------------------------+--------------------+

------------------------------------------------------------------------------------------------------------------------
TESTCASE 3 - Records showing up for RCA11 should have internal supplier detail When searched with invoice date-CIN filter Then PO_Order_Supplier should be marked as internal (PO_Order_Supplier>90000 and PO_Order_Supplier<99999) but not PO_Order_Supplier in (91033, 91032) 

sucessfully connected
Validation IS PASSED
Records for Top 5 CINs
+----------------------------------+----------------+---------+------+------------------+-----------------------+------------------+---------------------+--------------------+
| Process_Date                     | Invoice_Date   |     CIN |   DC |   Invoice_Number |   INVOICE_LINE_NUMBER |   Purchase_Order |   LF_Order_Supplier |   CF_CIN_Short_Qty |
+==================================+================+=========+======+==================+=======================+==================+=====================+====================+
| 2025-03-19 09:20:01.769931+00:00 | 2025-03-19     | 5237110 |   32 |       7414091935 |                   432 |          6528019 |               90163 |                103 |
+----------------------------------+----------------+---------+------+------------------+-----------------------+------------------+---------------------+--------------------+
| 2025-03-19 09:20:01.769931+00:00 | 2025-03-19     | 5237110 |   32 |       7414091540 |                   561 |          6528019 |               90163 |                103 |
+----------------------------------+----------------+---------+------+------------------+-----------------------+------------------+---------------------+--------------------+
| 2025-03-19 09:20:01.769931+00:00 | 2025-03-19     | 5237110 |   32 |       7414090514 |                   212 |          6528019 |               90163 |                103 |
+----------------------------------+----------------+---------+------+------------------+-----------------------+------------------+---------------------+--------------------+
| 2025-03-19 09:20:01.769931+00:00 | 2025-03-19     | 5237110 |   32 |       7414090015 |                   533 |          6528019 |               90163 |                103 |
+----------------------------------+----------------+---------+------+------------------+-----------------------+------------------+---------------------+--------------------+
| 2025-03-19 09:20:01.769931+00:00 | 2025-03-19     | 5237110 |   32 |       7414091440 |                   271 |          6528019 |               90163 |                103 |
+----------------------------------+----------------+---------+------+------------------+-----------------------+------------------+---------------------+--------------------+
pass_tc_count incremented sucessfully
