*******************TESTCASE-04 : To verify CF_Supplier_Type should be correctly tagged as 'CENTRALIZED','NONCENTRALIZED' or 'HUBSPOKE'  *******************
Validation IS PASSED for Supplier Type - CENTRALIZED
Validation IS PASSED for Supplier Type - HUBSPOKE
Validation IS PASSED for Supplier Type - NON-CENTRALIZED
Records for Top 5 CINs
+----------------------------------+----------------+---------+------+---------------------------+---------------------------+--------------------+-------------------------------+-------------------------------------+--------------------+
| process_date                     | invoice_date   |     cin |   dc |   lf_ship_to_location_num |   Inv_Purchasing_Supplier | cf_supplier_type   | Inv_Buyer_Work_Field_Number   | Inv_Purchasing_Supplier_Sub_Group   |   CF_CIN_Short_Qty |
+==================================+================+=========+======+===========================+===========================+====================+===============================+=====================================+====================+
| 2025-02-21 14:20:01.701884+00:00 | 2025-02-21     | 5586086 |    6 |                         6 |                     11012 |                    |                               |                                     |                307 |
+----------------------------------+----------------+---------+------+---------------------------+---------------------------+--------------------+-------------------------------+-------------------------------------+--------------------+
| 2025-02-21 14:20:01.701884+00:00 | 2025-02-21     | 5586086 |    8 |                         8 |                     11012 |                    |                               |                                     |                307 |
+----------------------------------+----------------+---------+------+---------------------------+---------------------------+--------------------+-------------------------------+-------------------------------------+--------------------+
| 2025-02-21 14:20:01.701884+00:00 | 2025-02-21     | 5586086 |   26 |                        26 |                     11012 |                    |                               |                                     |                307 |
+----------------------------------+----------------+---------+------+---------------------------+---------------------------+--------------------+-------------------------------+-------------------------------------+--------------------+
| 2025-02-21 14:20:01.701884+00:00 | 2025-02-21     | 5586086 |   43 |                        43 |                     11012 |                    |                               |                                     |                307 |
+----------------------------------+----------------+---------+------+---------------------------+---------------------------+--------------------+-------------------------------+-------------------------------------+--------------------+
| 2025-02-21 14:20:01.701884+00:00 | 2025-02-21     | 5586086 |   15 |                        15 |                     11012 |                    |                               |                                     |                307 |
+----------------------------------+----------------+---------+------+---------------------------+---------------------------+--------------------+-------------------------------+-------------------------------------+--------------------+
------------------------------------------------------------------------------------------------------------------------
*******************TESTCASE-08 : To verify whether the supplier type is correctly tagged,When searched for any process date for any CIN and DC,Then CF_Supplier_Type should be correctly tagged as 'CENTRALIZED','NONCENTRALIZED' or 'HUBSPOKE' *******************
Validation IS PASSED for Supplier Type - CENTRALIZED
Validation IS PASSED for Supplier Type - HUBSPOKE
Validation IS PASSED for Supplier Type - NON-CENTRALIZED
Records for Top 5 CINs
+----------------------------------+----------------+---------+------+---------------------------+----------------------------+--------------------+
| process_date                     | invoice_date   |     cin |   dc |   lf_ship_to_location_num |   cf_network_backorder_qty |   CF_CIN_Short_Qty |
+==================================+================+=========+======+===========================+============================+====================+
| 2025-02-21 14:20:01.701884+00:00 | 2025-02-21     | 5586086 |    6 |                         6 |                          0 |                307 |
+----------------------------------+----------------+---------+------+---------------------------+----------------------------+--------------------+
| 2025-02-21 14:20:01.701884+00:00 | 2025-02-21     | 5586086 |    8 |                         8 |                         31 |                307 |
+----------------------------------+----------------+---------+------+---------------------------+----------------------------+--------------------+
| 2025-02-21 14:20:01.701884+00:00 | 2025-02-21     | 5586086 |   26 |                        26 |                          5 |                307 |
+----------------------------------+----------------+---------+------+---------------------------+----------------------------+--------------------+
| 2025-02-21 14:20:01.701884+00:00 | 2025-02-21     | 5586086 |   43 |                        43 |                         10 |                307 |
+----------------------------------+----------------+---------+------+---------------------------+----------------------------+--------------------+
| 2025-02-21 14:20:01.701884+00:00 | 2025-02-21     | 5586086 |   15 |                        15 |                         14 |                307 |
+----------------------------------+----------------+---------+------+---------------------------+----------------------------+--------------------+
------------------------------------------------------------------------------------------------------------------------
*******************TESTCASE-09 : To verify calculation for Network Holdout Quantity, When searched for a particular process date, invoice date and CIN and holdout quantity is inspected, Then for centralised supplier, Network Holdout Quantity is calculated at CIN level ,And for non-centralised supplier, Network Holdout Quantity is calculated at CIN-shipping location level *******************
Validation Failed for CF_Supplier_Type='CENTRALIZED' ,36 records, check error file and log for more details
+----------------------------------+----------------+---------+------+------------------+-----------------------+---------------------------+---------------------------+--------------------------+-------------------------------+---------------+
| Process_Date                     | Invoice_Date   |     cin |   dc |   Invoice_Number |   INVOICE_LINE_NUMBER |   Inv_Purchasing_Supplier |   LF_Ship_To_Location_Num |   CF_Network_Holdout_Qty |   CF_Network_Holdout_Qty_Calc |   value_match |
+==================================+================+=========+======+==================+=======================+===========================+===========================+==========================+===============================+===============+
| 2025-02-21 14:20:01.701884+00:00 | 2025-02-21     | 4240933 |    3 |       7410476091 |                   284 |                     90163 |                         3 |                       14 |                             0 |             0 |
+----------------------------------+----------------+---------+------+------------------+-----------------------+---------------------------+---------------------------+--------------------------+-------------------------------+---------------+
| 2025-02-21 14:20:01.701884+00:00 | 2025-02-21     | 4240933 |    3 |       7410476094 |                   493 |                     90163 |                         3 |                       14 |                             0 |             0 |
+----------------------------------+----------------+---------+------+------------------+-----------------------+---------------------------+---------------------------+--------------------------+-------------------------------+---------------+
| 2025-02-21 14:20:01.701884+00:00 | 2025-02-21     | 4240933 |   11 |       7410415613 |                   253 |                     90163 |                        11 |                       14 |                             0 |             0 |
+----------------------------------+----------------+---------+------+------------------+-----------------------+---------------------------+---------------------------+--------------------------+-------------------------------+---------------+
| 2025-02-21 14:20:01.701884+00:00 | 2025-02-21     | 4240933 |   11 |       7410415978 |                   386 |                     90163 |                        11 |                       14 |                             0 |             0 |
+----------------------------------+----------------+---------+------+------------------+-----------------------+---------------------------+---------------------------+--------------------------+-------------------------------+---------------+
| 2025-02-21 14:20:01.701884+00:00 | 2025-02-21     | 4240933 |   11 |       7410416346 |                   366 |                     90163 |                        11 |                       14 |                             0 |             0 |
+----------------------------------+----------------+---------+------+------------------+-----------------------+---------------------------+---------------------------+--------------------------+-------------------------------+---------------+
Validation Failed for CF_Supplier_Type='HUBSPOKE' ,1 records, check error file and log for more details
+----------------------------------+----------------+---------+------+------------------+-----------------------+---------------------------+---------------------------+--------------------------+-------------------------------+---------------+
| Process_Date                     | Invoice_Date   |     cin |   dc |   Invoice_Number |   INVOICE_LINE_NUMBER |   Inv_Purchasing_Supplier |   LF_Ship_To_Location_Num |   CF_Network_Holdout_Qty |   CF_Network_Holdout_Qty_Calc |   value_match |
+==================================+================+=========+======+==================+=======================+===========================+===========================+==========================+===============================+===============+
| 2025-02-21 14:20:01.701884+00:00 | 2025-02-21     | 5519996 |   43 |       7410497216 |                   910 |                     90990 |                        43 |                      314 |                             0 |             0 |
+----------------------------------+----------------+---------+------+------------------+-----------------------+---------------------------+---------------------------+--------------------------+-------------------------------+---------------+
Validation IS PASSED for Supplier Type - NON-CENTRALIZED
Records for Top 5 CINs
+----------------------------------+----------------+---------+------+---------------------------+--------------------------+--------------------+
| process_date                     | invoice_date   |     cin |   dc |   lf_ship_to_location_num |   cf_network_holdout_qty |   CF_CIN_Short_Qty |
+==================================+================+=========+======+===========================+==========================+====================+
| 2025-02-21 14:20:01.701884+00:00 | 2025-02-21     | 4279329 |   37 |                        37 |                        0 |                995 |
+----------------------------------+----------------+---------+------+---------------------------+--------------------------+--------------------+
| 2025-02-21 14:20:01.701884+00:00 | 2025-02-21     | 4279329 |   28 |                        28 |                        0 |                995 |
+----------------------------------+----------------+---------+------+---------------------------+--------------------------+--------------------+
| 2025-02-21 14:20:01.701884+00:00 | 2025-02-21     | 4279329 |   19 |                        19 |                        0 |                995 |
+----------------------------------+----------------+---------+------+---------------------------+--------------------------+--------------------+
| 2025-02-21 14:20:01.701884+00:00 | 2025-02-21     | 4279329 |    3 |                         3 |                        0 |                995 |
+----------------------------------+----------------+---------+------+---------------------------+--------------------------+--------------------+
| 2025-02-21 14:20:01.701884+00:00 | 2025-02-21     | 4279329 |   29 |                        29 |                        0 |                995 |
+----------------------------------+----------------+---------+------+---------------------------+--------------------------+--------------------+
------------------------------------------------------------------------------------------------------------------------
*******************TESTCASE-09 : To verify calculation for Network Holdout Quantity, When searched for a particular process date, invoice date and CIN and holdout quantity is inspected, Then for centralised supplier, Network Holdout Quantity is calculated at CIN level ,And for non-centralised supplier, Network Holdout Quantity is calculated at CIN-shipping location level *******************
Validation Failed for CF_Supplier_Type='CENTRALIZED' ,36 records, check error file and log for more details
+----------------------------------+----------------+---------+------+------------------+-----------------------+---------------------------+---------------------------+--------------------------+-------------------------------+---------------+
| Process_Date                     | Invoice_Date   |     cin |   dc |   Invoice_Number |   INVOICE_LINE_NUMBER |   Inv_Purchasing_Supplier |   LF_Ship_To_Location_Num |   CF_Network_Holdout_Qty |   CF_Network_Holdout_Qty_Calc |   value_match |
+==================================+================+=========+======+==================+=======================+===========================+===========================+==========================+===============================+===============+
| 2025-02-21 14:20:01.701884+00:00 | 2025-02-21     | 4240933 |    3 |       7410476091 |                   284 |                     90163 |                         3 |                       14 |                             0 |             0 |
+----------------------------------+----------------+---------+------+------------------+-----------------------+---------------------------+---------------------------+--------------------------+-------------------------------+---------------+
| 2025-02-21 14:20:01.701884+00:00 | 2025-02-21     | 4240933 |    3 |       7410476094 |                   493 |                     90163 |                         3 |                       14 |                             0 |             0 |
+----------------------------------+----------------+---------+------+------------------+-----------------------+---------------------------+---------------------------+--------------------------+-------------------------------+---------------+
| 2025-02-21 14:20:01.701884+00:00 | 2025-02-21     | 4240933 |   11 |       7410415613 |                   253 |                     90163 |                        11 |                       14 |                             0 |             0 |
+----------------------------------+----------------+---------+------+------------------+-----------------------+---------------------------+---------------------------+--------------------------+-------------------------------+---------------+
| 2025-02-21 14:20:01.701884+00:00 | 2025-02-21     | 4240933 |   11 |       7410415978 |                   386 |                     90163 |                        11 |                       14 |                             0 |             0 |
+----------------------------------+----------------+---------+------+------------------+-----------------------+---------------------------+---------------------------+--------------------------+-------------------------------+---------------+
| 2025-02-21 14:20:01.701884+00:00 | 2025-02-21     | 4240933 |   11 |       7410416346 |                   366 |                     90163 |                        11 |                       14 |                             0 |             0 |
+----------------------------------+----------------+---------+------+------------------+-----------------------+---------------------------+---------------------------+--------------------------+-------------------------------+---------------+
Validation Failed for CF_Supplier_Type='HUBSPOKE' ,1 records, check error file and log for more details
+----------------------------------+----------------+---------+------+------------------+-----------------------+---------------------------+---------------------------+--------------------------+-------------------------------+---------------+
| Process_Date                     | Invoice_Date   |     cin |   dc |   Invoice_Number |   INVOICE_LINE_NUMBER |   Inv_Purchasing_Supplier |   LF_Ship_To_Location_Num |   CF_Network_Holdout_Qty |   CF_Network_Holdout_Qty_Calc |   value_match |
+==================================+================+=========+======+==================+=======================+===========================+===========================+==========================+===============================+===============+
| 2025-02-21 14:20:01.701884+00:00 | 2025-02-21     | 5519996 |   43 |       7410497216 |                   910 |                     90990 |                        43 |                      314 |                             0 |             0 |
+----------------------------------+----------------+---------+------+------------------+-----------------------+---------------------------+---------------------------+--------------------------+-------------------------------+---------------+
Validation IS PASSED for Supplier Type - NON-CENTRALIZED
Records for Top 5 CINs
+----------------------------------+----------------+---------+------+---------------------------+--------------------------+--------------------+
| process_date                     | invoice_date   |     cin |   dc |   lf_ship_to_location_num |   cf_network_holdout_qty |   CF_CIN_Short_Qty |
+==================================+================+=========+======+===========================+==========================+====================+
| 2025-02-21 14:20:01.701884+00:00 | 2025-02-21     | 4279329 |   37 |                        37 |                        0 |                995 |
+----------------------------------+----------------+---------+------+---------------------------+--------------------------+--------------------+
| 2025-02-21 14:20:01.701884+00:00 | 2025-02-21     | 4279329 |   28 |                        28 |                        0 |                995 |
+----------------------------------+----------------+---------+------+---------------------------+--------------------------+--------------------+
| 2025-02-21 14:20:01.701884+00:00 | 2025-02-21     | 4279329 |   19 |                        19 |                        0 |                995 |
+----------------------------------+----------------+---------+------+---------------------------+--------------------------+--------------------+
| 2025-02-21 14:20:01.701884+00:00 | 2025-02-21     | 4279329 |    3 |                         3 |                        0 |                995 |
+----------------------------------+----------------+---------+------+---------------------------+--------------------------+--------------------+
| 2025-02-21 14:20:01.701884+00:00 | 2025-02-21     | 4279329 |   29 |                        29 |                        0 |                995 |
+----------------------------------+----------------+---------+------+---------------------------+--------------------------+--------------------+
------------------------------------------------------------------------------------------------------------------------
*******************TESTCASE-09 : To verify calculation for Network Holdout Quantity, When searched for a particular process date, invoice date and CIN and holdout quantity is inspected, Then for centralised supplier, Network Holdout Quantity is calculated at CIN level ,And for non-centralised supplier, Network Holdout Quantity is calculated at CIN-shipping location level *******************
Validation Failed for CF_Supplier_Type='CENTRALIZED' ,36 records, check error file and log for more details
+----------------------------------+----------------+---------+------+------------------+-----------------------+---------------------------+---------------------------+--------------------------+-------------------------------+---------------+
| Process_Date                     | Invoice_Date   |     cin |   dc |   Invoice_Number |   INVOICE_LINE_NUMBER |   Inv_Purchasing_Supplier |   LF_Ship_To_Location_Num |   CF_Network_Holdout_Qty |   CF_Network_Holdout_Qty_Calc |   value_match |
+==================================+================+=========+======+==================+=======================+===========================+===========================+==========================+===============================+===============+
| 2025-02-21 14:20:01.701884+00:00 | 2025-02-21     | 4240933 |    3 |       7410476091 |                   284 |                     90163 |                         3 |                       14 |                             0 |             0 |
+----------------------------------+----------------+---------+------+------------------+-----------------------+---------------------------+---------------------------+--------------------------+-------------------------------+---------------+
| 2025-02-21 14:20:01.701884+00:00 | 2025-02-21     | 4240933 |    3 |       7410476094 |                   493 |                     90163 |                         3 |                       14 |                             0 |             0 |
+----------------------------------+----------------+---------+------+------------------+-----------------------+---------------------------+---------------------------+--------------------------+-------------------------------+---------------+
| 2025-02-21 14:20:01.701884+00:00 | 2025-02-21     | 4240933 |   11 |       7410415613 |                   253 |                     90163 |                        11 |                       14 |                             0 |             0 |
+----------------------------------+----------------+---------+------+------------------+-----------------------+---------------------------+---------------------------+--------------------------+-------------------------------+---------------+
| 2025-02-21 14:20:01.701884+00:00 | 2025-02-21     | 4240933 |   11 |       7410415978 |                   386 |                     90163 |                        11 |                       14 |                             0 |             0 |
+----------------------------------+----------------+---------+------+------------------+-----------------------+---------------------------+---------------------------+--------------------------+-------------------------------+---------------+
| 2025-02-21 14:20:01.701884+00:00 | 2025-02-21     | 4240933 |   11 |       7410416346 |                   366 |                     90163 |                        11 |                       14 |                             0 |             0 |
+----------------------------------+----------------+---------+------+------------------+-----------------------+---------------------------+---------------------------+--------------------------+-------------------------------+---------------+
Validation Failed for CF_Supplier_Type='HUBSPOKE' ,1 records, check error file and log for more details
+----------------------------------+----------------+---------+------+------------------+-----------------------+---------------------------+---------------------------+--------------------------+-------------------------------+---------------+
| Process_Date                     | Invoice_Date   |     cin |   dc |   Invoice_Number |   INVOICE_LINE_NUMBER |   Inv_Purchasing_Supplier |   LF_Ship_To_Location_Num |   CF_Network_Holdout_Qty |   CF_Network_Holdout_Qty_Calc |   value_match |
+==================================+================+=========+======+==================+=======================+===========================+===========================+==========================+===============================+===============+
| 2025-02-21 14:20:01.701884+00:00 | 2025-02-21     | 5519996 |   43 |       7410497216 |                   910 |                     90990 |                        43 |                      314 |                             0 |             0 |
+----------------------------------+----------------+---------+------+------------------+-----------------------+---------------------------+---------------------------+--------------------------+-------------------------------+---------------+
Validation IS PASSED for Supplier Type - NON-CENTRALIZED
Records for Top 5 CINs
+----------------------------------+----------------+---------+------+---------------------------+--------------------------+--------------------+
| process_date                     | invoice_date   |     cin |   dc |   lf_ship_to_location_num |   cf_network_holdout_qty |   CF_CIN_Short_Qty |
+==================================+================+=========+======+===========================+==========================+====================+
| 2025-02-21 14:20:01.701884+00:00 | 2025-02-21     | 4279329 |   37 |                        37 |                        0 |                995 |
+----------------------------------+----------------+---------+------+---------------------------+--------------------------+--------------------+
| 2025-02-21 14:20:01.701884+00:00 | 2025-02-21     | 4279329 |   28 |                        28 |                        0 |                995 |
+----------------------------------+----------------+---------+------+---------------------------+--------------------------+--------------------+
| 2025-02-21 14:20:01.701884+00:00 | 2025-02-21     | 4279329 |   19 |                        19 |                        0 |                995 |
+----------------------------------+----------------+---------+------+---------------------------+--------------------------+--------------------+
| 2025-02-21 14:20:01.701884+00:00 | 2025-02-21     | 4279329 |    3 |                         3 |                        0 |                995 |
+----------------------------------+----------------+---------+------+---------------------------+--------------------------+--------------------+
| 2025-02-21 14:20:01.701884+00:00 | 2025-02-21     | 4279329 |   29 |                        29 |                        0 |                995 |
+----------------------------------+----------------+---------+------+---------------------------+--------------------------+--------------------+
------------------------------------------------------------------------------------------------------------------------
*******************TESTCASE-08 : To verify calculation for Network Backorder Quantity, When searched for a particular process date, invoice date and CIN and backorder quantity is inspected, Then for centralised supplier, Network Backorder Quantity is calculated at CIN level ,And for non-centralised supplier, Network Backorder Quantity is calculated at CIN-shipping location level*******************
Validation IS PASSED for Supplier Type - CENTRALIZED
Validation IS PASSED for Supplier Type - HUBSPOKE
Validation IS PASSED for Supplier Type - NON-CENTRALIZED
Records for Top 5 CINs
+----------------------------------+----------------+---------+------+---------------------------+----------------------------+--------------------+
| process_date                     | invoice_date   |     cin |   dc |   lf_ship_to_location_num |   cf_network_backorder_qty |   CF_CIN_Short_Qty |
+==================================+================+=========+======+===========================+============================+====================+
| 2025-02-21 14:20:01.701884+00:00 | 2025-02-21     | 5586086 |    6 |                         6 |                          0 |                307 |
+----------------------------------+----------------+---------+------+---------------------------+----------------------------+--------------------+
| 2025-02-21 14:20:01.701884+00:00 | 2025-02-21     | 5586086 |    8 |                         8 |                         31 |                307 |
+----------------------------------+----------------+---------+------+---------------------------+----------------------------+--------------------+
| 2025-02-21 14:20:01.701884+00:00 | 2025-02-21     | 5586086 |   26 |                        26 |                          5 |                307 |
+----------------------------------+----------------+---------+------+---------------------------+----------------------------+--------------------+
| 2025-02-21 14:20:01.701884+00:00 | 2025-02-21     | 5586086 |   43 |                        43 |                         10 |                307 |
+----------------------------------+----------------+---------+------+---------------------------+----------------------------+--------------------+
| 2025-02-21 14:20:01.701884+00:00 | 2025-02-21     | 5586086 |   15 |                        15 |                         14 |                307 |
+----------------------------------+----------------+---------+------+---------------------------+----------------------------+--------------------+
------------------------------------------------------------------------------------------------------------------------
*******************TESTCASE-08 : To verify calculation for Network Backorder Quantity, When searched for a particular process date, invoice date and CIN and backorder quantity is inspected, Then for centralised supplier, Network Backorder Quantity is calculated at CIN level ,And for non-centralised supplier, Network Backorder Quantity is calculated at CIN-shipping location level*******************
Validation IS PASSED for Supplier Type - CENTRALIZED
Validation IS PASSED for Supplier Type - HUBSPOKE
Validation IS PASSED for Supplier Type - NON-CENTRALIZED
Records for Top 5 CINs
+----------------------------------+----------------+---------+------+---------------------------+----------------------------+--------------------+
| process_date                     | invoice_date   |     cin |   dc |   lf_ship_to_location_num |   cf_network_backorder_qty |   CF_CIN_Short_Qty |
+==================================+================+=========+======+===========================+============================+====================+
| 2025-02-21 14:20:01.701884+00:00 | 2025-02-21     | 5586086 |    6 |                         6 |                          0 |                307 |
+----------------------------------+----------------+---------+------+---------------------------+----------------------------+--------------------+
| 2025-02-21 14:20:01.701884+00:00 | 2025-02-21     | 5586086 |    8 |                         8 |                         31 |                307 |
+----------------------------------+----------------+---------+------+---------------------------+----------------------------+--------------------+
| 2025-02-21 14:20:01.701884+00:00 | 2025-02-21     | 5586086 |   26 |                        26 |                          5 |                307 |
+----------------------------------+----------------+---------+------+---------------------------+----------------------------+--------------------+
| 2025-02-21 14:20:01.701884+00:00 | 2025-02-21     | 5586086 |   43 |                        43 |                         10 |                307 |
+----------------------------------+----------------+---------+------+---------------------------+----------------------------+--------------------+
| 2025-02-21 14:20:01.701884+00:00 | 2025-02-21     | 5586086 |   15 |                        15 |                         14 |                307 |
+----------------------------------+----------------+---------+------+---------------------------+----------------------------+--------------------+
------------------------------------------------------------------------------------------------------------------------
